<?xml version="1.0" encoding="utf-8"?>
<shfbBuild product="Sandcastle Help File Builder and Tools" version="2023.7.8.0" projectFile="C:\Users\gabri\Documents\GitHub\FSEngine\sandcastle\fsengine.shfbproj" started="8/25/2023 9:00:28 PM">
<buildStep step="Initializing">
The Sandcastle tools are located in &#39;C:\Program Files (x86)\EWSoftware\Sandcastle Help File Builder&#39;
Locating components in the following folder(s):
    C:\Users\gabri\Documents\GitHub\FSEngine\sandcastle
    C:\ProgramData\EWSoftware\Sandcastle Help File Builder\Components and Plug-Ins
    C:\Program Files (x86)\EWSoftware\Sandcastle Help File Builder\Components
Using framework reflection data for &#39;Cross-platform (.NET Core/.NET Standard)&#39; located in &#39;C:\Program Files (x86)\EWSoftware\Sandcastle Help File Builder\Data\.NETFramework&#39;
Using presentation style &#39;Default2022&#39; located in &#39;C:\Program Files (x86)\EWSoftware\Sandcastle Help File Builder\Components\Default2022&#39;
Loading and initializing plug-ins...
Website Table of Contents Generator Version 2023.7.8.0
Copyright &#169; 2006-2023, Eric Woodruff, All Rights Reserved
-------------------------------
Clearing any prior web/markdown output...
</buildStep>
<buildStep step="ValidatingDocumentationSources">
Validating and copying documentation source information
Source: C:\Users\gabri\Documents\GitHub\FSEngine\FSEngineCore\bin\Debug\net7.0\FSEngineCore.dll
    Found assembly &#39;C:\Users\gabri\Documents\GitHub\FSEngine\FSEngineCore\bin\Debug\net7.0\FSEngineCore.dll&#39;
Source: C:\Users\gabri\Documents\GitHub\FSEngine\FSEngineCore\bin\Debug\net7.0\FSEngineCore.xml

Copying XML comments files
    C:\Users\gabri\Documents\GitHub\FSEngine\FSEngineCore\bin\Debug\net7.0\FSEngineCore.xml -&gt; C:\Users\gabri\Documents\GitHub\FSEngine\sandcastle\Help\Working\FSEngineCore.xml
</buildStep>
<buildStep step="GenerateSharedContent">
Generating shared content files (en-US, English (United States))...
    Last step completed in 00:00:00.0010
</buildStep>
<buildStep step="GenerateApiFilter">
Generating API filter for MRefBuilder...
    Last step completed in 00:00:00.0060
</buildStep>
<buildStep step="GenerateReflectionInfo">
Generating reflection information...
[C:\Program Files\Microsoft Visual Studio\2022\Community\MSBuild\Current\Bin\amd64\MSBuild.exe - GenerateRefInfo-760eb084-f91c-491d-94ee-84c3c944491d.proj]
Build started 8/25/2023 9:00:29 PM.

Project &quot;C:\Users\gabri\Documents\GitHub\FSEngine\sandcastle\Help\Working\GenerateRefInfo-760eb084-f91c-491d-94ee-84c3c944491d.proj&quot; on node 1 (default targets).
PrepareForBuild:
  Creating directory &quot;obj\Debug\&quot;.
GenerateBindingRedirects:
  No suggested binding redirects from ResolveAssemblyReferences.
GenerateRefInfo:
  Microsoft.Build (v17.6.3+07e2947214f1a9f28a3517762c939d5bebb5f525)
  c Microsoft Corporation. All rights reserved.
  No source code context base path specified.  Source context information is unavailable.
  Loaded 1 assemblies for reflection and 1 dependency assemblies.
MRefBuilder : warning : Ignoring unresolved assembly reference: System.Numerics.Vectors (System.Numerics.Vectors, Version=7.0.0.0, Culture=neutral, PublicKeyToken=b03f5f7f11d50a3a) required by FSEngineCore [C:\Users\gabri\Documents\GitHub\FSEngine\sandcastle\Help\Working\GenerateRefInfo-760eb084-f91c-491d-94ee-84c3c944491d.proj]
MRefBuilder : warning : Ignoring unresolved assembly reference: System.Collections (System.Collections, Version=7.0.0.0, Culture=neutral, PublicKeyToken=b03f5f7f11d50a3a) required by FSEngineCore [C:\Users\gabri\Documents\GitHub\FSEngine\sandcastle\Help\Working\GenerateRefInfo-760eb084-f91c-491d-94ee-84c3c944491d.proj]
MRefBuilder : warning : Ignoring unresolved assembly reference: System.Drawing.Primitives (System.Drawing.Primitives, Version=7.0.0.0, Culture=neutral, PublicKeyToken=b03f5f7f11d50a3a) required by FSEngineCore [C:\Users\gabri\Documents\GitHub\FSEngine\sandcastle\Help\Working\GenerateRefInfo-760eb084-f91c-491d-94ee-84c3c944491d.proj]
MRefBuilder : warning : Ignoring unresolved assembly reference: System.Memory (System.Memory, Version=4.0.1.1, Culture=neutral, PublicKeyToken=cc7b13ffcd2ddd51) required by Box2DSharp [C:\Users\gabri\Documents\GitHub\FSEngine\sandcastle\Help\Working\GenerateRefInfo-760eb084-f91c-491d-94ee-84c3c944491d.proj]
MRefBuilder : warning : Ignoring unresolved assembly reference: System.Numerics.Vectors (System.Numerics.Vectors, Version=4.1.3.0, Culture=neutral, PublicKeyToken=b03f5f7f11d50a3a) required by Box2DSharp [C:\Users\gabri\Documents\GitHub\FSEngine\sandcastle\Help\Working\GenerateRefInfo-760eb084-f91c-491d-94ee-84c3c944491d.proj]
MRefBuilder : warning : Unexpected parameter type Void.  This may be an issue (missing reference assembly?).  Declaring method: FSEngine.Geometry.DouglasPeucker.Interpolate(System.Collections.Generic.List`1,System.Void,System.Numerics.Vector2) [C:\Users\gabri\Documents\GitHub\FSEngine\sandcastle\Help\Working\GenerateRefInfo-760eb084-f91c-491d-94ee-84c3c944491d.proj]
MRefBuilder : warning : Unexpected parameter type Void.  This may be an issue (missing reference assembly?).  Declaring method: FSEngine.Geometry.DouglasPeucker.Reduce(System.Collections.Generic.List`1@,System.Void,FSEngine.Geometry.DouglasPeucker+Segment,System.Collections.Generic.List`1) [C:\Users\gabri\Documents\GitHub\FSEngine\sandcastle\Help\Working\GenerateRefInfo-760eb084-f91c-491d-94ee-84c3c944491d.proj]
MRefBuilder : warning : Unexpected parameter type Void.  This may be an issue (missing reference assembly?).  Declaring method: FSEngine.Geometry.Mesher.Mesh(System.Void) [C:\Users\gabri\Documents\GitHub\FSEngine\sandcastle\Help\Working\GenerateRefInfo-760eb084-f91c-491d-94ee-84c3c944491d.proj]
MRefBuilder : warning : Unexpected parameter type Void.  This may be an issue (missing reference assembly?).  Declaring method: FSEngine.Geometry.Mesher.Mesh(System.Void,System.Numerics.Vector2[]) [C:\Users\gabri\Documents\GitHub\FSEngine\sandcastle\Help\Working\GenerateRefInfo-760eb084-f91c-491d-94ee-84c3c944491d.proj]
MRefBuilder : warning : Unexpected parameter type Void.  This may be an issue (missing reference assembly?).  Declaring method: FSEngine.Geometry.Mesher.MeshChunk(System.Void,System.Numerics.Vector2[]) [C:\Users\gabri\Documents\GitHub\FSEngine\sandcastle\Help\Working\GenerateRefInfo-760eb084-f91c-491d-94ee-84c3c944491d.proj]
MRefBuilder : warning : Unexpected parameter type Void.  This may be an issue (missing reference assembly?).  Declaring method: FSEngine.GFX.B2DDebug.DrawPolygon(System.Span`1,System.Void,System.Numerics.Vector2) [C:\Users\gabri\Documents\GitHub\FSEngine\sandcastle\Help\Working\GenerateRefInfo-760eb084-f91c-491d-94ee-84c3c944491d.proj]
MRefBuilder : warning : Unexpected parameter type Void.  This may be an issue (missing reference assembly?).  Declaring method: FSEngine.GFX.B2DDebug.DrawSolidPolygon(System.Span`1,System.Void,System.Numerics.Vector2) [C:\Users\gabri\Documents\GitHub\FSEngine\sandcastle\Help\Working\GenerateRefInfo-760eb084-f91c-491d-94ee-84c3c944491d.proj]
  Wrote information on 19 namespaces, 158 types, and 1571 members
  Merging duplicate type and member information
  Merged 0 duplicate type(s) and 0 duplicate member(s)
Done Building Project &quot;C:\Users\gabri\Documents\GitHub\FSEngine\sandcastle\Help\Working\GenerateRefInfo-760eb084-f91c-491d-94ee-84c3c944491d.proj&quot; (default targets).
    Last step completed in 00:00:02.9191
</buildStep>
<buildStep step="ApplyDocumentModel">
Applying document model to reflection output...
    Last step completed in 00:00:00.1722
</buildStep>
<buildStep step="AddApiTopicFilenames">
Adding topic filenames to API members...
    Last step completed in 00:00:00.1676
</buildStep>
<buildStep step="GenerateApiTopicManifest">
Generating API topic manifest...
    Last step completed in 00:00:00.1556
</buildStep>
<buildStep step="GenerateNamespaceSummaries">
Generating namespace summary information...
    Last step completed in 00:00:00.0449
</buildStep>
<buildStep step="CopyAdditionalContent">
Copying additional content files...
No additional content to copy
    Last step completed in 00:00:00.0000
</buildStep>
<buildStep step="MergeTablesOfContents">
Merging conceptual and additional tables of contents...
    Last step completed in 00:00:00.0000
</buildStep>
<buildStep step="GenerateIntermediateTableOfContents">
Generating intermediate table of contents file for API content...
Generating conceptual content intermediate TOC file...
    Last step completed in 00:00:00.0798
</buildStep>
<buildStep step="CreateBuildAssemblerConfigs">
Creating Sandcastle configuration files...
    Last step completed in 00:00:00.0848
</buildStep>
<buildStep step="CombiningIntermediateTocFiles">
Combining conceptual and API intermediate TOC files...
    Last step completed in 00:00:00.0030
</buildStep>
<buildStep step="MergeCustomConfigs">
Merging custom build component configurations
C:\Users\gabri\Documents\GitHub\FSEngine\sandcastle\Help\Working\BuildAssembler.config
  Updating reference topic configurations.
  No conceptual content.  Removing conceptual content components.
    Last step completed in 00:00:00.0259
</buildStep>
<buildStep step="BuildTopics">
Building help topics...
<plugIn name="Website Table of Contents Generator" behavior="Before" priority="1000">
Loading TOC info and adding unique IDs to parent nodes
</plugIn>Loading configuration...
Processing topics...
SHFB: Warning BE0066: ResolveReferenceLinksComponent: [M:FSEngine.Game.OnKey(OpenTK.Input.KeyboardState,OpenTK.Input.ButtonState)] Unknown reference link target &#39;T:OpenTK.Input.KeyboardState&#39;.
SHFB: Warning BE0066: ResolveReferenceLinksComponent: [M:FSEngine.Game.OnKey(OpenTK.Input.KeyboardState,OpenTK.Input.ButtonState)] Unknown reference link target &#39;T:OpenTK.Input.ButtonState&#39;.
SHFB: Warning BE0066: ResolveReferenceLinksComponent: [F:FSEngine.Game.world] Unknown reference link target &#39;T:Box2DSharp.Dynamics.World&#39;.
SHFB: Warning BE0066: ResolveReferenceLinksComponent: [M:FSEngine.ImGuiController.CompileShader(System.String,OpenTK.Graphics.OpenGL4.ShaderType,System.String)] Unknown reference link target &#39;T:OpenTK.Graphics.OpenGL4.ShaderType&#39;.
SHFB: Warning BE0066: ResolveReferenceLinksComponent: [M:FSEngine.ImGuiController.LabelObject(OpenTK.Graphics.OpenGL4.ObjectLabelIdentifier,System.Int32,System.String)] Unknown reference link target &#39;T:OpenTK.Graphics.OpenGL4.ObjectLabelIdentifier&#39;.
SHFB: Warning BE0066: ResolveReferenceLinksComponent: [M:FSEngine.ImGuiController.MouseScroll(OpenTK.Vector2)] Unknown reference link target &#39;T:OpenTK.Vector2&#39;.
SHFB: Warning BE0066: ResolveReferenceLinksComponent: [F:FSEngine.ImGuiController.projection_matrix] Unknown reference link target &#39;T:OpenTK.Matrix4&#39;.
SHFB: Warning BE0066: ResolveReferenceLinksComponent: [M:FSEngine.ImGuiController.RenderImDrawData(ImGuiNET.ImDrawDataPtr)] Unknown reference link target &#39;T:ImGuiNET.ImDrawDataPtr&#39;.
SHFB: Warning BE0066: ResolveReferenceLinksComponent: [M:FSEngine.ImGuiController.Update(OpenTK.GameWindow,System.Single)] Unknown reference link target &#39;T:OpenTK.GameWindow&#39;.
SHFB: Warning BE0066: ResolveReferenceLinksComponent: [M:FSEngine.ImGuiController.UpdateImGuiInput(OpenTK.GameWindow)] Unknown reference link target &#39;T:OpenTK.GameWindow&#39;.
SHFB: Warning BE0066: ResolveReferenceLinksComponent: [M:FSEngine.Keyboard.IsKeyDown(OpenTK.Input.Key)] Unknown reference link target &#39;T:OpenTK.Input.Key&#39;.
SHFB: Warning BE0066: ResolveReferenceLinksComponent: [F:FSEngine.Keyboard.state] Unknown reference link target &#39;T:OpenTK.Input.KeyboardState&#39;.
SHFB: Warning BE0066: ResolveReferenceLinksComponent: [T:FSEngine.Window] Unknown reference link target &#39;T:OpenTK.NativeWindow&#39;.
SHFB: Warning BE0066: ResolveReferenceLinksComponent: [T:FSEngine.Window] Unknown reference link target &#39;T:OpenTK.GameWindow&#39;.
SHFB: Warning BE0066: ResolveReferenceLinksComponent: [T:FSEngine.Window] Unknown reference link target &#39;P:OpenTK.NativeWindow.Bounds&#39;.
SHFB: Warning BE0066: ResolveReferenceLinksComponent: [T:FSEngine.Window] Unknown reference link target &#39;T:OpenTK.NativeWindow&#39;.
SHFB: Warning BE0066: ResolveReferenceLinksComponent: [T:FSEngine.Window] Unknown reference link target &#39;P:OpenTK.NativeWindow.ClientRectangle&#39;.
SHFB: Warning BE0066: ResolveReferenceLinksComponent: [T:FSEngine.Window] Unknown reference link target &#39;T:OpenTK.NativeWindow&#39;.
SHFB: Warning BE0066: ResolveReferenceLinksComponent: [T:FSEngine.Window] Unknown reference link target &#39;P:OpenTK.NativeWindow.ClientSize&#39;.
SHFB: Warning BE0066: ResolveReferenceLinksComponent: [T:FSEngine.Window] Unknown reference link target &#39;T:OpenTK.NativeWindow&#39;.
SHFB: Warning BE0066: ResolveReferenceLinksComponent: [T:FSEngine.Window] Unknown reference link target &#39;P:OpenTK.GameWindow.Context&#39;.
SHFB: Warning BE0066: ResolveReferenceLinksComponent: [T:FSEngine.Window] Unknown reference link target &#39;T:OpenTK.GameWindow&#39;.
SHFB: Warning BE0066: ResolveReferenceLinksComponent: [T:FSEngine.Window] Unknown reference link target &#39;P:OpenTK.NativeWindow.Cursor&#39;.
SHFB: Warning BE0066: ResolveReferenceLinksComponent: [T:FSEngine.Window] Unknown reference link target &#39;T:OpenTK.NativeWindow&#39;.
SHFB: Warning BE0066: ResolveReferenceLinksComponent: [T:FSEngine.Window] Unknown reference link target &#39;P:OpenTK.NativeWindow.CursorGrabbed&#39;.
SHFB: Warning BE0066: ResolveReferenceLinksComponent: [T:FSEngine.Window] Unknown reference link target &#39;T:OpenTK.NativeWindow&#39;.
SHFB: Warning BE0066: ResolveReferenceLinksComponent: [T:FSEngine.Window] Unknown reference link target &#39;P:OpenTK.NativeWindow.CursorVisible&#39;.
SHFB: Warning BE0066: ResolveReferenceLinksComponent: [T:FSEngine.Window] Unknown reference link target &#39;T:OpenTK.NativeWindow&#39;.
SHFB: Warning BE0066: ResolveReferenceLinksComponent: [T:FSEngine.Window] Unknown reference link target &#39;P:OpenTK.NativeWindow.Exists&#39;.
SHFB: Warning BE0066: ResolveReferenceLinksComponent: [T:FSEngine.Window] Unknown reference link target &#39;T:OpenTK.NativeWindow&#39;.
SHFB: Warning BE0066: ResolveReferenceLinksComponent: [T:FSEngine.Window] Unknown reference link target &#39;P:OpenTK.NativeWindow.Focused&#39;.
SHFB: Warning BE0066: ResolveReferenceLinksComponent: [T:FSEngine.Window] Unknown reference link target &#39;T:OpenTK.NativeWindow&#39;.
SHFB: Warning BE0066: ResolveReferenceLinksComponent: [T:FSEngine.Window] Unknown reference link target &#39;P:OpenTK.NativeWindow.Height&#39;.
SHFB: Warning BE0066: ResolveReferenceLinksComponent: [T:FSEngine.Window] Unknown reference link target &#39;T:OpenTK.NativeWindow&#39;.
SHFB: Warning BE0066: ResolveReferenceLinksComponent: [T:FSEngine.Window] Unknown reference link target &#39;P:OpenTK.NativeWindow.Icon&#39;.
SHFB: Warning BE0066: ResolveReferenceLinksComponent: [T:FSEngine.Window] Unknown reference link target &#39;T:OpenTK.NativeWindow&#39;.
SHFB: Warning BE0066: ResolveReferenceLinksComponent: [T:FSEngine.Window] Unknown reference link target &#39;P:OpenTK.NativeWindow.IsDisposed&#39;.
SHFB: Warning BE0066: ResolveReferenceLinksComponent: [T:FSEngine.Window] Unknown reference link target &#39;T:OpenTK.NativeWindow&#39;.
SHFB: Warning BE0066: ResolveReferenceLinksComponent: [T:FSEngine.Window] Unknown reference link target &#39;P:OpenTK.GameWindow.IsExiting&#39;.
SHFB: Warning BE0066: ResolveReferenceLinksComponent: [T:FSEngine.Window] Unknown reference link target &#39;T:OpenTK.GameWindow&#39;.
SHFB: Warning BE0066: ResolveReferenceLinksComponent: [T:FSEngine.Window] Unknown reference link target &#39;P:OpenTK.NativeWindow.Location&#39;.
SHFB: Warning BE0066: ResolveReferenceLinksComponent: [T:FSEngine.Window] Unknown reference link target &#39;T:OpenTK.NativeWindow&#39;.
SHFB: Warning BE0066: ResolveReferenceLinksComponent: [T:FSEngine.Window] Unknown reference link target &#39;P:OpenTK.GameWindow.RenderFrequency&#39;.
SHFB: Warning BE0066: ResolveReferenceLinksComponent: [T:FSEngine.Window] Unknown reference link target &#39;T:OpenTK.GameWindow&#39;.
SHFB: Warning BE0066: ResolveReferenceLinksComponent: [T:FSEngine.Window] Unknown reference link target &#39;P:OpenTK.GameWindow.RenderPeriod&#39;.
SHFB: Warning BE0066: ResolveReferenceLinksComponent: [T:FSEngine.Window] Unknown reference link target &#39;T:OpenTK.GameWindow&#39;.
SHFB: Warning BE0066: ResolveReferenceLinksComponent: [T:FSEngine.Window] Unknown reference link target &#39;P:OpenTK.GameWindow.RenderTime&#39;.
SHFB: Warning BE0066: ResolveReferenceLinksComponent: [T:FSEngine.Window] Unknown reference link target &#39;T:OpenTK.GameWindow&#39;.
SHFB: Warning BE0066: ResolveReferenceLinksComponent: [T:FSEngine.Window] Unknown reference link target &#39;P:OpenTK.NativeWindow.Size&#39;.
SHFB: Warning BE0066: ResolveReferenceLinksComponent: [T:FSEngine.Window] Unknown reference link target &#39;T:OpenTK.NativeWindow&#39;.
SHFB: Warning BE0066: ResolveReferenceLinksComponent: [T:FSEngine.Window] Unknown reference link target &#39;P:OpenTK.GameWindow.TargetRenderFrequency&#39;.
SHFB: Warning BE0066: ResolveReferenceLinksComponent: [T:FSEngine.Window] Unknown reference link target &#39;T:OpenTK.GameWindow&#39;.
SHFB: Warning BE0066: ResolveReferenceLinksComponent: [T:FSEngine.Window] Unknown reference link target &#39;P:OpenTK.GameWindow.TargetRenderPeriod&#39;.
SHFB: Warning BE0066: ResolveReferenceLinksComponent: [T:FSEngine.Window] Unknown reference link target &#39;T:OpenTK.GameWindow&#39;.
SHFB: Warning BE0066: ResolveReferenceLinksComponent: [T:FSEngine.Window] Unknown reference link target &#39;P:OpenTK.GameWindow.TargetUpdateFrequency&#39;.
SHFB: Warning BE0066: ResolveReferenceLinksComponent: [T:FSEngine.Window] Unknown reference link target &#39;T:OpenTK.GameWindow&#39;.
SHFB: Warning BE0066: ResolveReferenceLinksComponent: [T:FSEngine.Window] Unknown reference link target &#39;P:OpenTK.GameWindow.TargetUpdatePeriod&#39;.
SHFB: Warning BE0066: ResolveReferenceLinksComponent: [T:FSEngine.Window] Unknown reference link target &#39;T:OpenTK.GameWindow&#39;.
SHFB: Warning BE0066: ResolveReferenceLinksComponent: [T:FSEngine.Window] Unknown reference link target &#39;P:OpenTK.NativeWindow.Title&#39;.
SHFB: Warning BE0066: ResolveReferenceLinksComponent: [T:FSEngine.Window] Unknown reference link target &#39;T:OpenTK.NativeWindow&#39;.
SHFB: Warning BE0066: ResolveReferenceLinksComponent: [T:FSEngine.Window] Unknown reference link target &#39;P:OpenTK.GameWindow.UpdateFrequency&#39;.
SHFB: Warning BE0066: ResolveReferenceLinksComponent: [T:FSEngine.Window] Unknown reference link target &#39;T:OpenTK.GameWindow&#39;.
SHFB: Warning BE0066: ResolveReferenceLinksComponent: [T:FSEngine.Window] Unknown reference link target &#39;P:OpenTK.GameWindow.UpdatePeriod&#39;.
SHFB: Warning BE0066: ResolveReferenceLinksComponent: [T:FSEngine.Window] Unknown reference link target &#39;T:OpenTK.GameWindow&#39;.
SHFB: Warning BE0066: ResolveReferenceLinksComponent: [T:FSEngine.Window] Unknown reference link target &#39;P:OpenTK.GameWindow.UpdateTime&#39;.
SHFB: Warning BE0066: ResolveReferenceLinksComponent: [T:FSEngine.Window] Unknown reference link target &#39;T:OpenTK.GameWindow&#39;.
SHFB: Warning BE0066: ResolveReferenceLinksComponent: [T:FSEngine.Window] Unknown reference link target &#39;P:OpenTK.NativeWindow.Visible&#39;.
SHFB: Warning BE0066: ResolveReferenceLinksComponent: [T:FSEngine.Window] Unknown reference link target &#39;T:OpenTK.NativeWindow&#39;.
SHFB: Warning BE0066: ResolveReferenceLinksComponent: [T:FSEngine.Window] Unknown reference link target &#39;P:OpenTK.GameWindow.VSync&#39;.
SHFB: Warning BE0066: ResolveReferenceLinksComponent: [T:FSEngine.Window] Unknown reference link target &#39;T:OpenTK.GameWindow&#39;.
SHFB: Warning BE0066: ResolveReferenceLinksComponent: [T:FSEngine.Window] Unknown reference link target &#39;P:OpenTK.NativeWindow.Width&#39;.
SHFB: Warning BE0066: ResolveReferenceLinksComponent: [T:FSEngine.Window] Unknown reference link target &#39;T:OpenTK.NativeWindow&#39;.
SHFB: Warning BE0066: ResolveReferenceLinksComponent: [T:FSEngine.Window] Unknown reference link target &#39;P:OpenTK.NativeWindow.WindowBorder&#39;.
SHFB: Warning BE0066: ResolveReferenceLinksComponent: [T:FSEngine.Window] Unknown reference link target &#39;T:OpenTK.NativeWindow&#39;.
SHFB: Warning BE0066: ResolveReferenceLinksComponent: [T:FSEngine.Window] Unknown reference link target &#39;P:OpenTK.NativeWindow.WindowInfo&#39;.
SHFB: Warning BE0066: ResolveReferenceLinksComponent: [T:FSEngine.Window] Unknown reference link target &#39;T:OpenTK.NativeWindow&#39;.
SHFB: Warning BE0066: ResolveReferenceLinksComponent: [T:FSEngine.Window] Unknown reference link target &#39;P:OpenTK.GameWindow.WindowState&#39;.
SHFB: Warning BE0066: ResolveReferenceLinksComponent: [T:FSEngine.Window] Unknown reference link target &#39;T:OpenTK.GameWindow&#39;.
SHFB: Warning BE0066: ResolveReferenceLinksComponent: [T:FSEngine.Window] Unknown reference link target &#39;P:OpenTK.NativeWindow.X&#39;.
SHFB: Warning BE0066: ResolveReferenceLinksComponent: [T:FSEngine.Window] Unknown reference link target &#39;T:OpenTK.NativeWindow&#39;.
SHFB: Warning BE0066: ResolveReferenceLinksComponent: [T:FSEngine.Window] Unknown reference link target &#39;P:OpenTK.NativeWindow.Y&#39;.
SHFB: Warning BE0066: ResolveReferenceLinksComponent: [T:FSEngine.Window] Unknown reference link target &#39;T:OpenTK.NativeWindow&#39;.
SHFB: Warning BE0066: ResolveReferenceLinksComponent: [T:FSEngine.Window] Unknown reference link target &#39;M:OpenTK.NativeWindow.Close&#39;.
SHFB: Warning BE0066: ResolveReferenceLinksComponent: [T:FSEngine.Window] Unknown reference link target &#39;T:OpenTK.NativeWindow&#39;.
SHFB: Warning BE0066: ResolveReferenceLinksComponent: [T:FSEngine.Window] Unknown reference link target &#39;M:OpenTK.GameWindow.Dispose&#39;.
SHFB: Warning BE0066: ResolveReferenceLinksComponent: [T:FSEngine.Window] Unknown reference link target &#39;T:OpenTK.GameWindow&#39;.
SHFB: Warning BE0066: ResolveReferenceLinksComponent: [T:FSEngine.Window] Unknown reference link target &#39;M:OpenTK.GameWindow.Dispose(System.Boolean)&#39;.
SHFB: Warning BE0066: ResolveReferenceLinksComponent: [T:FSEngine.Window] Unknown reference link target &#39;T:OpenTK.GameWindow&#39;.
SHFB: Warning BE0066: ResolveReferenceLinksComponent: [T:FSEngine.Window] Unknown reference link target &#39;M:OpenTK.NativeWindow.EnsureUndisposed&#39;.
SHFB: Warning BE0066: ResolveReferenceLinksComponent: [T:FSEngine.Window] Unknown reference link target &#39;T:OpenTK.NativeWindow&#39;.
SHFB: Warning BE0066: ResolveReferenceLinksComponent: [T:FSEngine.Window] Unknown reference link target &#39;M:OpenTK.GameWindow.Exit&#39;.
SHFB: Warning BE0066: ResolveReferenceLinksComponent: [T:FSEngine.Window] Unknown reference link target &#39;T:OpenTK.GameWindow&#39;.
SHFB: Warning BE0066: ResolveReferenceLinksComponent: [T:FSEngine.Window] Unknown reference link target &#39;M:OpenTK.GameWindow.MakeCurrent&#39;.
SHFB: Warning BE0066: ResolveReferenceLinksComponent: [T:FSEngine.Window] Unknown reference link target &#39;T:OpenTK.GameWindow&#39;.
SHFB: Warning BE0066: ResolveReferenceLinksComponent: [T:FSEngine.Window] Unknown reference link target &#39;M:OpenTK.NativeWindow.OnClosed(System.EventArgs)&#39;.
SHFB: Warning BE0066: ResolveReferenceLinksComponent: [T:FSEngine.Window] Unknown reference link target &#39;T:OpenTK.NativeWindow&#39;.
SHFB: Warning BE0066: ResolveReferenceLinksComponent: [T:FSEngine.Window] Unknown reference link target &#39;M:OpenTK.GameWindow.OnClosing(System.ComponentModel.CancelEventArgs)&#39;.
SHFB: Warning BE0066: ResolveReferenceLinksComponent: [T:FSEngine.Window] Unknown reference link target &#39;T:OpenTK.GameWindow&#39;.
SHFB: Warning BE0066: ResolveReferenceLinksComponent: [T:FSEngine.Window] Unknown reference link target &#39;M:OpenTK.NativeWindow.OnDisposed(System.EventArgs)&#39;.
SHFB: Warning BE0066: ResolveReferenceLinksComponent: [T:FSEngine.Window] Unknown reference link target &#39;T:OpenTK.NativeWindow&#39;.
SHFB: Warning BE0066: ResolveReferenceLinksComponent: [T:FSEngine.Window] Unknown reference link target &#39;M:OpenTK.NativeWindow.OnFileDrop(OpenTK.Input.FileDropEventArgs)&#39;.
SHFB: Warning BE0066: ResolveReferenceLinksComponent: [T:FSEngine.Window] Unknown reference link target &#39;T:OpenTK.NativeWindow&#39;.
SHFB: Warning BE0066: ResolveReferenceLinksComponent: [T:FSEngine.Window] Unknown reference link target &#39;M:OpenTK.NativeWindow.OnFocusedChanged(System.EventArgs)&#39;.
SHFB: Warning BE0066: ResolveReferenceLinksComponent: [T:FSEngine.Window] Unknown reference link target &#39;T:OpenTK.NativeWindow&#39;.
SHFB: Warning BE0066: ResolveReferenceLinksComponent: [T:FSEngine.Window] Unknown reference link target &#39;M:OpenTK.NativeWindow.OnIconChanged(System.EventArgs)&#39;.
SHFB: Warning BE0066: ResolveReferenceLinksComponent: [T:FSEngine.Window] Unknown reference link target &#39;T:OpenTK.NativeWindow&#39;.
SHFB: Warning BE0066: ResolveReferenceLinksComponent: [T:FSEngine.Window] Unknown reference link target &#39;M:OpenTK.NativeWindow.OnKeyDown(OpenTK.Input.KeyboardKeyEventArgs)&#39;.
SHFB: Warning BE0066: ResolveReferenceLinksComponent: [T:FSEngine.Window] Unknown reference link target &#39;M:OpenTK.NativeWindow.OnKeyPress(OpenTK.KeyPressEventArgs)&#39;.
SHFB: Warning BE0066: ResolveReferenceLinksComponent: [T:FSEngine.Window] Unknown reference link target &#39;M:OpenTK.NativeWindow.OnKeyUp(OpenTK.Input.KeyboardKeyEventArgs)&#39;.
SHFB: Warning BE0066: ResolveReferenceLinksComponent: [T:FSEngine.Window] Unknown reference link target &#39;M:OpenTK.GameWindow.OnLoad(System.EventArgs)&#39;.
SHFB: Warning BE0066: ResolveReferenceLinksComponent: [T:FSEngine.Window] Unknown reference link target &#39;M:OpenTK.NativeWindow.OnMouseDown(OpenTK.Input.MouseButtonEventArgs)&#39;.
SHFB: Warning BE0066: ResolveReferenceLinksComponent: [T:FSEngine.Window] Unknown reference link target &#39;T:OpenTK.NativeWindow&#39;.
SHFB: Warning BE0066: ResolveReferenceLinksComponent: [T:FSEngine.Window] Unknown reference link target &#39;M:OpenTK.NativeWindow.OnMouseEnter(System.EventArgs)&#39;.
SHFB: Warning BE0066: ResolveReferenceLinksComponent: [T:FSEngine.Window] Unknown reference link target &#39;T:OpenTK.NativeWindow&#39;.
SHFB: Warning BE0066: ResolveReferenceLinksComponent: [T:FSEngine.Window] Unknown reference link target &#39;M:OpenTK.NativeWindow.OnMouseLeave(System.EventArgs)&#39;.
SHFB: Warning BE0066: ResolveReferenceLinksComponent: [T:FSEngine.Window] Unknown reference link target &#39;T:OpenTK.NativeWindow&#39;.
SHFB: Warning BE0066: ResolveReferenceLinksComponent: [T:FSEngine.Window] Unknown reference link target &#39;M:OpenTK.NativeWindow.OnMouseMove(OpenTK.Input.MouseMoveEventArgs)&#39;.
SHFB: Warning BE0066: ResolveReferenceLinksComponent: [T:FSEngine.Window] Unknown reference link target &#39;M:OpenTK.NativeWindow.OnMouseUp(OpenTK.Input.MouseButtonEventArgs)&#39;.
SHFB: Warning BE0066: ResolveReferenceLinksComponent: [T:FSEngine.Window] Unknown reference link target &#39;T:OpenTK.NativeWindow&#39;.
SHFB: Warning BE0066: ResolveReferenceLinksComponent: [T:FSEngine.Window] Unknown reference link target &#39;M:OpenTK.NativeWindow.OnMouseWheel(OpenTK.Input.MouseWheelEventArgs)&#39;.
SHFB: Warning BE0066: ResolveReferenceLinksComponent: [T:FSEngine.Window] Unknown reference link target &#39;M:OpenTK.NativeWindow.OnMove(System.EventArgs)&#39;.
SHFB: Warning BE0066: ResolveReferenceLinksComponent: [T:FSEngine.Window] Unknown reference link target &#39;T:OpenTK.NativeWindow&#39;.
SHFB: Warning BE0066: ResolveReferenceLinksComponent: [T:FSEngine.Window] Unknown reference link target &#39;M:OpenTK.GameWindow.OnRenderFrame(OpenTK.FrameEventArgs)&#39;.
SHFB: Warning BE0066: ResolveReferenceLinksComponent: [T:FSEngine.Window] Unknown reference link target &#39;M:OpenTK.GameWindow.OnResize(System.EventArgs)&#39;.
SHFB: Warning BE0066: ResolveReferenceLinksComponent: [T:FSEngine.Window] Unknown reference link target &#39;M:OpenTK.NativeWindow.OnTitleChanged(System.EventArgs)&#39;.
SHFB: Warning BE0066: ResolveReferenceLinksComponent: [T:FSEngine.Window] Unknown reference link target &#39;T:OpenTK.NativeWindow&#39;.
SHFB: Warning BE0066: ResolveReferenceLinksComponent: [T:FSEngine.Window] Unknown reference link target &#39;M:OpenTK.GameWindow.OnUnload(System.EventArgs)&#39;.
SHFB: Warning BE0066: ResolveReferenceLinksComponent: [T:FSEngine.Window] Unknown reference link target &#39;M:OpenTK.GameWindow.OnUpdateFrame(OpenTK.FrameEventArgs)&#39;.
SHFB: Warning BE0066: ResolveReferenceLinksComponent: [T:FSEngine.Window] Unknown reference link target &#39;M:OpenTK.NativeWindow.OnVisibleChanged(System.EventArgs)&#39;.
SHFB: Warning BE0066: ResolveReferenceLinksComponent: [T:FSEngine.Window] Unknown reference link target &#39;T:OpenTK.NativeWindow&#39;.
SHFB: Warning BE0066: ResolveReferenceLinksComponent: [T:FSEngine.Window] Unknown reference link target &#39;M:OpenTK.NativeWindow.OnWindowBorderChanged(System.EventArgs)&#39;.
SHFB: Warning BE0066: ResolveReferenceLinksComponent: [T:FSEngine.Window] Unknown reference link target &#39;T:OpenTK.NativeWindow&#39;.
SHFB: Warning BE0066: ResolveReferenceLinksComponent: [T:FSEngine.Window] Unknown reference link target &#39;M:OpenTK.GameWindow.OnWindowInfoChanged(System.EventArgs)&#39;.
SHFB: Warning BE0066: ResolveReferenceLinksComponent: [T:FSEngine.Window] Unknown reference link target &#39;T:OpenTK.GameWindow&#39;.
SHFB: Warning BE0066: ResolveReferenceLinksComponent: [T:FSEngine.Window] Unknown reference link target &#39;M:OpenTK.NativeWindow.OnWindowStateChanged(System.EventArgs)&#39;.
SHFB: Warning BE0066: ResolveReferenceLinksComponent: [T:FSEngine.Window] Unknown reference link target &#39;T:OpenTK.NativeWindow&#39;.
SHFB: Warning BE0066: ResolveReferenceLinksComponent: [T:FSEngine.Window] Unknown reference link target &#39;M:OpenTK.NativeWindow.PointToClient(System.Drawing.Point)&#39;.
SHFB: Warning BE0066: ResolveReferenceLinksComponent: [T:FSEngine.Window] Unknown reference link target &#39;T:OpenTK.NativeWindow&#39;.
SHFB: Warning BE0066: ResolveReferenceLinksComponent: [T:FSEngine.Window] Unknown reference link target &#39;M:OpenTK.NativeWindow.PointToScreen(System.Drawing.Point)&#39;.
SHFB: Warning BE0066: ResolveReferenceLinksComponent: [T:FSEngine.Window] Unknown reference link target &#39;T:OpenTK.NativeWindow&#39;.
SHFB: Warning BE0066: ResolveReferenceLinksComponent: [T:FSEngine.Window] Unknown reference link target &#39;M:OpenTK.NativeWindow.ProcessEvents&#39;.
SHFB: Warning BE0066: ResolveReferenceLinksComponent: [T:FSEngine.Window] Unknown reference link target &#39;T:OpenTK.NativeWindow&#39;.
SHFB: Warning BE0066: ResolveReferenceLinksComponent: [T:FSEngine.Window] Unknown reference link target &#39;M:OpenTK.NativeWindow.ProcessEvents(System.Boolean)&#39;.
SHFB: Warning BE0066: ResolveReferenceLinksComponent: [T:FSEngine.Window] Unknown reference link target &#39;T:OpenTK.NativeWindow&#39;.
SHFB: Warning BE0066: ResolveReferenceLinksComponent: [T:FSEngine.Window] Unknown reference link target &#39;M:OpenTK.GameWindow.Run&#39;.
SHFB: Warning BE0066: ResolveReferenceLinksComponent: [T:FSEngine.Window] Unknown reference link target &#39;T:OpenTK.GameWindow&#39;.
SHFB: Warning BE0066: ResolveReferenceLinksComponent: [T:FSEngine.Window] Unknown reference link target &#39;M:OpenTK.GameWindow.Run(System.Double)&#39;.
SHFB: Warning BE0066: ResolveReferenceLinksComponent: [T:FSEngine.Window] Unknown reference link target &#39;T:OpenTK.GameWindow&#39;.
SHFB: Warning BE0066: ResolveReferenceLinksComponent: [T:FSEngine.Window] Unknown reference link target &#39;M:OpenTK.GameWindow.Run(System.Double,System.Double)&#39;.
SHFB: Warning BE0066: ResolveReferenceLinksComponent: [T:FSEngine.Window] Unknown reference link target &#39;T:OpenTK.GameWindow&#39;.
SHFB: Warning BE0066: ResolveReferenceLinksComponent: [T:FSEngine.Window] Unknown reference link target &#39;M:OpenTK.GameWindow.SwapBuffers&#39;.
SHFB: Warning BE0066: ResolveReferenceLinksComponent: [T:FSEngine.Window] Unknown reference link target &#39;T:OpenTK.GameWindow&#39;.
SHFB: Warning BE0066: ResolveReferenceLinksComponent: [T:FSEngine.Window] Unknown reference link target &#39;E:OpenTK.NativeWindow.Closed&#39;.
SHFB: Warning BE0066: ResolveReferenceLinksComponent: [T:FSEngine.Window] Unknown reference link target &#39;T:OpenTK.NativeWindow&#39;.
SHFB: Warning BE0066: ResolveReferenceLinksComponent: [T:FSEngine.Window] Unknown reference link target &#39;E:OpenTK.NativeWindow.Closing&#39;.
SHFB: Warning BE0066: ResolveReferenceLinksComponent: [T:FSEngine.Window] Unknown reference link target &#39;T:OpenTK.NativeWindow&#39;.
SHFB: Warning BE0066: ResolveReferenceLinksComponent: [T:FSEngine.Window] Unknown reference link target &#39;E:OpenTK.NativeWindow.Disposed&#39;.
SHFB: Warning BE0066: ResolveReferenceLinksComponent: [T:FSEngine.Window] Unknown reference link target &#39;T:OpenTK.NativeWindow&#39;.
SHFB: Warning BE0066: ResolveReferenceLinksComponent: [T:FSEngine.Window] Unknown reference link target &#39;E:OpenTK.NativeWindow.FileDrop&#39;.
SHFB: Warning BE0066: ResolveReferenceLinksComponent: [T:FSEngine.Window] Unknown reference link target &#39;T:OpenTK.NativeWindow&#39;.
SHFB: Warning BE0066: ResolveReferenceLinksComponent: [T:FSEngine.Window] Unknown reference link target &#39;E:OpenTK.NativeWindow.FocusedChanged&#39;.
SHFB: Warning BE0066: ResolveReferenceLinksComponent: [T:FSEngine.Window] Unknown reference link target &#39;T:OpenTK.NativeWindow&#39;.
SHFB: Warning BE0066: ResolveReferenceLinksComponent: [T:FSEngine.Window] Unknown reference link target &#39;E:OpenTK.NativeWindow.IconChanged&#39;.
SHFB: Warning BE0066: ResolveReferenceLinksComponent: [T:FSEngine.Window] Unknown reference link target &#39;T:OpenTK.NativeWindow&#39;.
SHFB: Warning BE0066: ResolveReferenceLinksComponent: [T:FSEngine.Window] Unknown reference link target &#39;E:OpenTK.NativeWindow.KeyDown&#39;.
SHFB: Warning BE0066: ResolveReferenceLinksComponent: [T:FSEngine.Window] Unknown reference link target &#39;T:OpenTK.NativeWindow&#39;.
SHFB: Warning BE0066: ResolveReferenceLinksComponent: [T:FSEngine.Window] Unknown reference link target &#39;E:OpenTK.NativeWindow.KeyPress&#39;.
SHFB: Warning BE0066: ResolveReferenceLinksComponent: [T:FSEngine.Window] Unknown reference link target &#39;T:OpenTK.NativeWindow&#39;.
SHFB: Warning BE0066: ResolveReferenceLinksComponent: [T:FSEngine.Window] Unknown reference link target &#39;E:OpenTK.NativeWindow.KeyUp&#39;.
SHFB: Warning BE0066: ResolveReferenceLinksComponent: [T:FSEngine.Window] Unknown reference link target &#39;T:OpenTK.NativeWindow&#39;.
SHFB: Warning BE0066: ResolveReferenceLinksComponent: [T:FSEngine.Window] Unknown reference link target &#39;E:OpenTK.GameWindow.Load&#39;.
SHFB: Warning BE0066: ResolveReferenceLinksComponent: [T:FSEngine.Window] Unknown reference link target &#39;T:OpenTK.GameWindow&#39;.
SHFB: Warning BE0066: ResolveReferenceLinksComponent: [T:FSEngine.Window] Unknown reference link target &#39;E:OpenTK.NativeWindow.MouseDown&#39;.
SHFB: Warning BE0066: ResolveReferenceLinksComponent: [T:FSEngine.Window] Unknown reference link target &#39;T:OpenTK.NativeWindow&#39;.
SHFB: Warning BE0066: ResolveReferenceLinksComponent: [T:FSEngine.Window] Unknown reference link target &#39;E:OpenTK.NativeWindow.MouseEnter&#39;.
SHFB: Warning BE0066: ResolveReferenceLinksComponent: [T:FSEngine.Window] Unknown reference link target &#39;T:OpenTK.NativeWindow&#39;.
SHFB: Warning BE0066: ResolveReferenceLinksComponent: [T:FSEngine.Window] Unknown reference link target &#39;E:OpenTK.NativeWindow.MouseLeave&#39;.
SHFB: Warning BE0066: ResolveReferenceLinksComponent: [T:FSEngine.Window] Unknown reference link target &#39;T:OpenTK.NativeWindow&#39;.
SHFB: Warning BE0066: ResolveReferenceLinksComponent: [T:FSEngine.Window] Unknown reference link target &#39;E:OpenTK.NativeWindow.MouseMove&#39;.
SHFB: Warning BE0066: ResolveReferenceLinksComponent: [T:FSEngine.Window] Unknown reference link target &#39;T:OpenTK.NativeWindow&#39;.
SHFB: Warning BE0066: ResolveReferenceLinksComponent: [T:FSEngine.Window] Unknown reference link target &#39;E:OpenTK.NativeWindow.MouseUp&#39;.
SHFB: Warning BE0066: ResolveReferenceLinksComponent: [T:FSEngine.Window] Unknown reference link target &#39;T:OpenTK.NativeWindow&#39;.
SHFB: Warning BE0066: ResolveReferenceLinksComponent: [T:FSEngine.Window] Unknown reference link target &#39;E:OpenTK.NativeWindow.MouseWheel&#39;.
SHFB: Warning BE0066: ResolveReferenceLinksComponent: [T:FSEngine.Window] Unknown reference link target &#39;T:OpenTK.NativeWindow&#39;.
SHFB: Warning BE0066: ResolveReferenceLinksComponent: [T:FSEngine.Window] Unknown reference link target &#39;E:OpenTK.NativeWindow.Move&#39;.
SHFB: Warning BE0066: ResolveReferenceLinksComponent: [T:FSEngine.Window] Unknown reference link target &#39;T:OpenTK.NativeWindow&#39;.
SHFB: Warning BE0066: ResolveReferenceLinksComponent: [T:FSEngine.Window] Unknown reference link target &#39;E:OpenTK.GameWindow.OnUpdateThreadStarted&#39;.
SHFB: Warning BE0066: ResolveReferenceLinksComponent: [T:FSEngine.Window] Unknown reference link target &#39;T:OpenTK.GameWindow&#39;.
SHFB: Warning BE0066: ResolveReferenceLinksComponent: [T:FSEngine.Window] Unknown reference link target &#39;E:OpenTK.GameWindow.RenderFrame&#39;.
SHFB: Warning BE0066: ResolveReferenceLinksComponent: [T:FSEngine.Window] Unknown reference link target &#39;T:OpenTK.GameWindow&#39;.
SHFB: Warning BE0066: ResolveReferenceLinksComponent: [T:FSEngine.Window] Unknown reference link target &#39;E:OpenTK.NativeWindow.Resize&#39;.
SHFB: Warning BE0066: ResolveReferenceLinksComponent: [T:FSEngine.Window] Unknown reference link target &#39;T:OpenTK.NativeWindow&#39;.
SHFB: Warning BE0066: ResolveReferenceLinksComponent: [T:FSEngine.Window] Unknown reference link target &#39;E:OpenTK.NativeWindow.TitleChanged&#39;.
SHFB: Warning BE0066: ResolveReferenceLinksComponent: [T:FSEngine.Window] Unknown reference link target &#39;T:OpenTK.NativeWindow&#39;.
SHFB: Warning BE0066: ResolveReferenceLinksComponent: [T:FSEngine.Window] Unknown reference link target &#39;E:OpenTK.GameWindow.Unload&#39;.
SHFB: Warning BE0066: ResolveReferenceLinksComponent: [T:FSEngine.Window] Unknown reference link target &#39;T:OpenTK.GameWindow&#39;.
SHFB: Warning BE0066: ResolveReferenceLinksComponent: [T:FSEngine.Window] Unknown reference link target &#39;E:OpenTK.GameWindow.UpdateFrame&#39;.
SHFB: Warning BE0066: ResolveReferenceLinksComponent: [T:FSEngine.Window] Unknown reference link target &#39;T:OpenTK.GameWindow&#39;.
SHFB: Warning BE0066: ResolveReferenceLinksComponent: [T:FSEngine.Window] Unknown reference link target &#39;E:OpenTK.NativeWindow.VisibleChanged&#39;.
SHFB: Warning BE0066: ResolveReferenceLinksComponent: [T:FSEngine.Window] Unknown reference link target &#39;T:OpenTK.NativeWindow&#39;.
SHFB: Warning BE0066: ResolveReferenceLinksComponent: [T:FSEngine.Window] Unknown reference link target &#39;E:OpenTK.NativeWindow.WindowBorderChanged&#39;.
SHFB: Warning BE0066: ResolveReferenceLinksComponent: [T:FSEngine.Window] Unknown reference link target &#39;T:OpenTK.NativeWindow&#39;.
SHFB: Warning BE0066: ResolveReferenceLinksComponent: [T:FSEngine.Window] Unknown reference link target &#39;E:OpenTK.NativeWindow.WindowStateChanged&#39;.
SHFB: Warning BE0066: ResolveReferenceLinksComponent: [T:FSEngine.Window] Unknown reference link target &#39;T:OpenTK.NativeWindow&#39;.
SHFB: Warning BE0066: ResolveReferenceLinksComponent: [Methods.T:FSEngine.Window] Unknown reference link target &#39;M:OpenTK.NativeWindow.Close&#39;.
SHFB: Warning BE0066: ResolveReferenceLinksComponent: [Methods.T:FSEngine.Window] Unknown reference link target &#39;T:OpenTK.NativeWindow&#39;.
SHFB: Warning BE0066: ResolveReferenceLinksComponent: [Methods.T:FSEngine.Window] Unknown reference link target &#39;M:OpenTK.GameWindow.Dispose&#39;.
SHFB: Warning BE0066: ResolveReferenceLinksComponent: [Methods.T:FSEngine.Window] Unknown reference link target &#39;T:OpenTK.GameWindow&#39;.
SHFB: Warning BE0066: ResolveReferenceLinksComponent: [Methods.T:FSEngine.Window] Unknown reference link target &#39;M:OpenTK.GameWindow.Dispose(System.Boolean)&#39;.
SHFB: Warning BE0066: ResolveReferenceLinksComponent: [Methods.T:FSEngine.Window] Unknown reference link target &#39;T:OpenTK.GameWindow&#39;.
SHFB: Warning BE0066: ResolveReferenceLinksComponent: [Methods.T:FSEngine.Window] Unknown reference link target &#39;M:OpenTK.NativeWindow.EnsureUndisposed&#39;.
SHFB: Warning BE0066: ResolveReferenceLinksComponent: [Methods.T:FSEngine.Window] Unknown reference link target &#39;T:OpenTK.NativeWindow&#39;.
SHFB: Warning BE0066: ResolveReferenceLinksComponent: [Methods.T:FSEngine.Window] Unknown reference link target &#39;M:OpenTK.GameWindow.Exit&#39;.
SHFB: Warning BE0066: ResolveReferenceLinksComponent: [Methods.T:FSEngine.Window] Unknown reference link target &#39;T:OpenTK.GameWindow&#39;.
SHFB: Warning BE0066: ResolveReferenceLinksComponent: [Methods.T:FSEngine.Window] Unknown reference link target &#39;M:OpenTK.GameWindow.MakeCurrent&#39;.
SHFB: Warning BE0066: ResolveReferenceLinksComponent: [Methods.T:FSEngine.Window] Unknown reference link target &#39;T:OpenTK.GameWindow&#39;.
SHFB: Warning BE0066: ResolveReferenceLinksComponent: [Methods.T:FSEngine.Window] Unknown reference link target &#39;M:OpenTK.NativeWindow.OnClosed(System.EventArgs)&#39;.
SHFB: Warning BE0066: ResolveReferenceLinksComponent: [Methods.T:FSEngine.Window] Unknown reference link target &#39;T:OpenTK.NativeWindow&#39;.
SHFB: Warning BE0066: ResolveReferenceLinksComponent: [Methods.T:FSEngine.Window] Unknown reference link target &#39;M:OpenTK.GameWindow.OnClosing(System.ComponentModel.CancelEventArgs)&#39;.
SHFB: Warning BE0066: ResolveReferenceLinksComponent: [Methods.T:FSEngine.Window] Unknown reference link target &#39;T:OpenTK.GameWindow&#39;.
SHFB: Warning BE0066: ResolveReferenceLinksComponent: [Methods.T:FSEngine.Window] Unknown reference link target &#39;M:OpenTK.NativeWindow.OnDisposed(System.EventArgs)&#39;.
SHFB: Warning BE0066: ResolveReferenceLinksComponent: [Methods.T:FSEngine.Window] Unknown reference link target &#39;T:OpenTK.NativeWindow&#39;.
SHFB: Warning BE0066: ResolveReferenceLinksComponent: [Methods.T:FSEngine.Window] Unknown reference link target &#39;M:OpenTK.NativeWindow.OnFileDrop(OpenTK.Input.FileDropEventArgs)&#39;.
SHFB: Warning BE0066: ResolveReferenceLinksComponent: [Methods.T:FSEngine.Window] Unknown reference link target &#39;T:OpenTK.NativeWindow&#39;.
SHFB: Warning BE0066: ResolveReferenceLinksComponent: [Methods.T:FSEngine.Window] Unknown reference link target &#39;M:OpenTK.NativeWindow.OnFocusedChanged(System.EventArgs)&#39;.
SHFB: Warning BE0066: ResolveReferenceLinksComponent: [Methods.T:FSEngine.Window] Unknown reference link target &#39;T:OpenTK.NativeWindow&#39;.
SHFB: Warning BE0066: ResolveReferenceLinksComponent: [Methods.T:FSEngine.Window] Unknown reference link target &#39;M:OpenTK.NativeWindow.OnIconChanged(System.EventArgs)&#39;.
SHFB: Warning BE0066: ResolveReferenceLinksComponent: [Methods.T:FSEngine.Window] Unknown reference link target &#39;T:OpenTK.NativeWindow&#39;.
SHFB: Warning BE0066: ResolveReferenceLinksComponent: [Methods.T:FSEngine.Window] Unknown reference link target &#39;M:OpenTK.NativeWindow.OnKeyDown(OpenTK.Input.KeyboardKeyEventArgs)&#39;.
SHFB: Warning BE0066: ResolveReferenceLinksComponent: [Methods.T:FSEngine.Window] Unknown reference link target &#39;M:OpenTK.NativeWindow.OnKeyPress(OpenTK.KeyPressEventArgs)&#39;.
SHFB: Warning BE0066: ResolveReferenceLinksComponent: [Methods.T:FSEngine.Window] Unknown reference link target &#39;M:OpenTK.NativeWindow.OnKeyUp(OpenTK.Input.KeyboardKeyEventArgs)&#39;.
SHFB: Warning BE0066: ResolveReferenceLinksComponent: [Methods.T:FSEngine.Window] Unknown reference link target &#39;M:OpenTK.GameWindow.OnLoad(System.EventArgs)&#39;.
SHFB: Warning BE0066: ResolveReferenceLinksComponent: [Methods.T:FSEngine.Window] Unknown reference link target &#39;M:OpenTK.NativeWindow.OnMouseDown(OpenTK.Input.MouseButtonEventArgs)&#39;.
SHFB: Warning BE0066: ResolveReferenceLinksComponent: [Methods.T:FSEngine.Window] Unknown reference link target &#39;T:OpenTK.NativeWindow&#39;.
SHFB: Warning BE0066: ResolveReferenceLinksComponent: [Methods.T:FSEngine.Window] Unknown reference link target &#39;M:OpenTK.NativeWindow.OnMouseEnter(System.EventArgs)&#39;.
SHFB: Warning BE0066: ResolveReferenceLinksComponent: [Methods.T:FSEngine.Window] Unknown reference link target &#39;T:OpenTK.NativeWindow&#39;.
SHFB: Warning BE0066: ResolveReferenceLinksComponent: [Methods.T:FSEngine.Window] Unknown reference link target &#39;M:OpenTK.NativeWindow.OnMouseLeave(System.EventArgs)&#39;.
SHFB: Warning BE0066: ResolveReferenceLinksComponent: [Methods.T:FSEngine.Window] Unknown reference link target &#39;T:OpenTK.NativeWindow&#39;.
SHFB: Warning BE0066: ResolveReferenceLinksComponent: [Methods.T:FSEngine.Window] Unknown reference link target &#39;M:OpenTK.NativeWindow.OnMouseMove(OpenTK.Input.MouseMoveEventArgs)&#39;.
SHFB: Warning BE0066: ResolveReferenceLinksComponent: [Methods.T:FSEngine.Window] Unknown reference link target &#39;M:OpenTK.NativeWindow.OnMouseUp(OpenTK.Input.MouseButtonEventArgs)&#39;.
SHFB: Warning BE0066: ResolveReferenceLinksComponent: [Methods.T:FSEngine.Window] Unknown reference link target &#39;T:OpenTK.NativeWindow&#39;.
SHFB: Warning BE0066: ResolveReferenceLinksComponent: [Methods.T:FSEngine.Window] Unknown reference link target &#39;M:OpenTK.NativeWindow.OnMouseWheel(OpenTK.Input.MouseWheelEventArgs)&#39;.
SHFB: Warning BE0066: ResolveReferenceLinksComponent: [Methods.T:FSEngine.Window] Unknown reference link target &#39;M:OpenTK.NativeWindow.OnMove(System.EventArgs)&#39;.
SHFB: Warning BE0066: ResolveReferenceLinksComponent: [Methods.T:FSEngine.Window] Unknown reference link target &#39;T:OpenTK.NativeWindow&#39;.
SHFB: Warning BE0066: ResolveReferenceLinksComponent: [Methods.T:FSEngine.Window] Unknown reference link target &#39;M:OpenTK.GameWindow.OnRenderFrame(OpenTK.FrameEventArgs)&#39;.
SHFB: Warning BE0066: ResolveReferenceLinksComponent: [Methods.T:FSEngine.Window] Unknown reference link target &#39;M:OpenTK.GameWindow.OnResize(System.EventArgs)&#39;.
SHFB: Warning BE0066: ResolveReferenceLinksComponent: [Methods.T:FSEngine.Window] Unknown reference link target &#39;M:OpenTK.NativeWindow.OnTitleChanged(System.EventArgs)&#39;.
SHFB: Warning BE0066: ResolveReferenceLinksComponent: [Methods.T:FSEngine.Window] Unknown reference link target &#39;T:OpenTK.NativeWindow&#39;.
SHFB: Warning BE0066: ResolveReferenceLinksComponent: [Methods.T:FSEngine.Window] Unknown reference link target &#39;M:OpenTK.GameWindow.OnUnload(System.EventArgs)&#39;.
SHFB: Warning BE0066: ResolveReferenceLinksComponent: [Methods.T:FSEngine.Window] Unknown reference link target &#39;M:OpenTK.GameWindow.OnUpdateFrame(OpenTK.FrameEventArgs)&#39;.
SHFB: Warning BE0066: ResolveReferenceLinksComponent: [Methods.T:FSEngine.Window] Unknown reference link target &#39;M:OpenTK.NativeWindow.OnVisibleChanged(System.EventArgs)&#39;.
SHFB: Warning BE0066: ResolveReferenceLinksComponent: [Methods.T:FSEngine.Window] Unknown reference link target &#39;T:OpenTK.NativeWindow&#39;.
SHFB: Warning BE0066: ResolveReferenceLinksComponent: [Methods.T:FSEngine.Window] Unknown reference link target &#39;M:OpenTK.NativeWindow.OnWindowBorderChanged(System.EventArgs)&#39;.
SHFB: Warning BE0066: ResolveReferenceLinksComponent: [Methods.T:FSEngine.Window] Unknown reference link target &#39;T:OpenTK.NativeWindow&#39;.
SHFB: Warning BE0066: ResolveReferenceLinksComponent: [Methods.T:FSEngine.Window] Unknown reference link target &#39;M:OpenTK.GameWindow.OnWindowInfoChanged(System.EventArgs)&#39;.
SHFB: Warning BE0066: ResolveReferenceLinksComponent: [Methods.T:FSEngine.Window] Unknown reference link target &#39;T:OpenTK.GameWindow&#39;.
SHFB: Warning BE0066: ResolveReferenceLinksComponent: [Methods.T:FSEngine.Window] Unknown reference link target &#39;M:OpenTK.NativeWindow.OnWindowStateChanged(System.EventArgs)&#39;.
SHFB: Warning BE0066: ResolveReferenceLinksComponent: [Methods.T:FSEngine.Window] Unknown reference link target &#39;T:OpenTK.NativeWindow&#39;.
SHFB: Warning BE0066: ResolveReferenceLinksComponent: [Methods.T:FSEngine.Window] Unknown reference link target &#39;M:OpenTK.NativeWindow.PointToClient(System.Drawing.Point)&#39;.
SHFB: Warning BE0066: ResolveReferenceLinksComponent: [Methods.T:FSEngine.Window] Unknown reference link target &#39;T:OpenTK.NativeWindow&#39;.
SHFB: Warning BE0066: ResolveReferenceLinksComponent: [Methods.T:FSEngine.Window] Unknown reference link target &#39;M:OpenTK.NativeWindow.PointToScreen(System.Drawing.Point)&#39;.
SHFB: Warning BE0066: ResolveReferenceLinksComponent: [Methods.T:FSEngine.Window] Unknown reference link target &#39;T:OpenTK.NativeWindow&#39;.
SHFB: Warning BE0066: ResolveReferenceLinksComponent: [Methods.T:FSEngine.Window] Unknown reference link target &#39;M:OpenTK.NativeWindow.ProcessEvents&#39;.
SHFB: Warning BE0066: ResolveReferenceLinksComponent: [Methods.T:FSEngine.Window] Unknown reference link target &#39;T:OpenTK.NativeWindow&#39;.
SHFB: Warning BE0066: ResolveReferenceLinksComponent: [Methods.T:FSEngine.Window] Unknown reference link target &#39;M:OpenTK.NativeWindow.ProcessEvents(System.Boolean)&#39;.
SHFB: Warning BE0066: ResolveReferenceLinksComponent: [Methods.T:FSEngine.Window] Unknown reference link target &#39;T:OpenTK.NativeWindow&#39;.
SHFB: Warning BE0066: ResolveReferenceLinksComponent: [Methods.T:FSEngine.Window] Unknown reference link target &#39;M:OpenTK.GameWindow.Run&#39;.
SHFB: Warning BE0066: ResolveReferenceLinksComponent: [Methods.T:FSEngine.Window] Unknown reference link target &#39;T:OpenTK.GameWindow&#39;.
SHFB: Warning BE0066: ResolveReferenceLinksComponent: [Methods.T:FSEngine.Window] Unknown reference link target &#39;M:OpenTK.GameWindow.Run(System.Double)&#39;.
SHFB: Warning BE0066: ResolveReferenceLinksComponent: [Methods.T:FSEngine.Window] Unknown reference link target &#39;T:OpenTK.GameWindow&#39;.
SHFB: Warning BE0066: ResolveReferenceLinksComponent: [Methods.T:FSEngine.Window] Unknown reference link target &#39;M:OpenTK.GameWindow.Run(System.Double,System.Double)&#39;.
SHFB: Warning BE0066: ResolveReferenceLinksComponent: [Methods.T:FSEngine.Window] Unknown reference link target &#39;T:OpenTK.GameWindow&#39;.
SHFB: Warning BE0066: ResolveReferenceLinksComponent: [Methods.T:FSEngine.Window] Unknown reference link target &#39;M:OpenTK.GameWindow.SwapBuffers&#39;.
SHFB: Warning BE0066: ResolveReferenceLinksComponent: [Methods.T:FSEngine.Window] Unknown reference link target &#39;T:OpenTK.GameWindow&#39;.
SHFB: Warning BE0066: ResolveReferenceLinksComponent: [Properties.T:FSEngine.Window] Unknown reference link target &#39;P:OpenTK.NativeWindow.Bounds&#39;.
SHFB: Warning BE0066: ResolveReferenceLinksComponent: [Properties.T:FSEngine.Window] Unknown reference link target &#39;T:OpenTK.NativeWindow&#39;.
SHFB: Warning BE0066: ResolveReferenceLinksComponent: [Properties.T:FSEngine.Window] Unknown reference link target &#39;P:OpenTK.NativeWindow.ClientRectangle&#39;.
SHFB: Warning BE0066: ResolveReferenceLinksComponent: [Properties.T:FSEngine.Window] Unknown reference link target &#39;T:OpenTK.NativeWindow&#39;.
SHFB: Warning BE0066: ResolveReferenceLinksComponent: [Properties.T:FSEngine.Window] Unknown reference link target &#39;P:OpenTK.NativeWindow.ClientSize&#39;.
SHFB: Warning BE0066: ResolveReferenceLinksComponent: [Properties.T:FSEngine.Window] Unknown reference link target &#39;T:OpenTK.NativeWindow&#39;.
SHFB: Warning BE0066: ResolveReferenceLinksComponent: [Properties.T:FSEngine.Window] Unknown reference link target &#39;P:OpenTK.GameWindow.Context&#39;.
SHFB: Warning BE0066: ResolveReferenceLinksComponent: [Properties.T:FSEngine.Window] Unknown reference link target &#39;T:OpenTK.GameWindow&#39;.
SHFB: Warning BE0066: ResolveReferenceLinksComponent: [Properties.T:FSEngine.Window] Unknown reference link target &#39;P:OpenTK.NativeWindow.Cursor&#39;.
SHFB: Warning BE0066: ResolveReferenceLinksComponent: [Properties.T:FSEngine.Window] Unknown reference link target &#39;T:OpenTK.NativeWindow&#39;.
SHFB: Warning BE0066: ResolveReferenceLinksComponent: [Properties.T:FSEngine.Window] Unknown reference link target &#39;P:OpenTK.NativeWindow.CursorGrabbed&#39;.
SHFB: Warning BE0066: ResolveReferenceLinksComponent: [Properties.T:FSEngine.Window] Unknown reference link target &#39;T:OpenTK.NativeWindow&#39;.
SHFB: Warning BE0066: ResolveReferenceLinksComponent: [Properties.T:FSEngine.Window] Unknown reference link target &#39;P:OpenTK.NativeWindow.CursorVisible&#39;.
SHFB: Warning BE0066: ResolveReferenceLinksComponent: [Properties.T:FSEngine.Window] Unknown reference link target &#39;T:OpenTK.NativeWindow&#39;.
SHFB: Warning BE0066: ResolveReferenceLinksComponent: [Properties.T:FSEngine.Window] Unknown reference link target &#39;P:OpenTK.NativeWindow.Exists&#39;.
SHFB: Warning BE0066: ResolveReferenceLinksComponent: [Properties.T:FSEngine.Window] Unknown reference link target &#39;T:OpenTK.NativeWindow&#39;.
SHFB: Warning BE0066: ResolveReferenceLinksComponent: [Properties.T:FSEngine.Window] Unknown reference link target &#39;P:OpenTK.NativeWindow.Focused&#39;.
SHFB: Warning BE0066: ResolveReferenceLinksComponent: [Properties.T:FSEngine.Window] Unknown reference link target &#39;T:OpenTK.NativeWindow&#39;.
SHFB: Warning BE0066: ResolveReferenceLinksComponent: [Properties.T:FSEngine.Window] Unknown reference link target &#39;P:OpenTK.NativeWindow.Height&#39;.
SHFB: Warning BE0066: ResolveReferenceLinksComponent: [Properties.T:FSEngine.Window] Unknown reference link target &#39;T:OpenTK.NativeWindow&#39;.
SHFB: Warning BE0066: ResolveReferenceLinksComponent: [Properties.T:FSEngine.Window] Unknown reference link target &#39;P:OpenTK.NativeWindow.Icon&#39;.
SHFB: Warning BE0066: ResolveReferenceLinksComponent: [Properties.T:FSEngine.Window] Unknown reference link target &#39;T:OpenTK.NativeWindow&#39;.
SHFB: Warning BE0066: ResolveReferenceLinksComponent: [Properties.T:FSEngine.Window] Unknown reference link target &#39;P:OpenTK.NativeWindow.IsDisposed&#39;.
SHFB: Warning BE0066: ResolveReferenceLinksComponent: [Properties.T:FSEngine.Window] Unknown reference link target &#39;T:OpenTK.NativeWindow&#39;.
SHFB: Warning BE0066: ResolveReferenceLinksComponent: [Properties.T:FSEngine.Window] Unknown reference link target &#39;P:OpenTK.GameWindow.IsExiting&#39;.
SHFB: Warning BE0066: ResolveReferenceLinksComponent: [Properties.T:FSEngine.Window] Unknown reference link target &#39;T:OpenTK.GameWindow&#39;.
SHFB: Warning BE0066: ResolveReferenceLinksComponent: [Properties.T:FSEngine.Window] Unknown reference link target &#39;P:OpenTK.NativeWindow.Location&#39;.
SHFB: Warning BE0066: ResolveReferenceLinksComponent: [Properties.T:FSEngine.Window] Unknown reference link target &#39;T:OpenTK.NativeWindow&#39;.
SHFB: Warning BE0066: ResolveReferenceLinksComponent: [Properties.T:FSEngine.Window] Unknown reference link target &#39;P:OpenTK.GameWindow.RenderFrequency&#39;.
SHFB: Warning BE0066: ResolveReferenceLinksComponent: [Properties.T:FSEngine.Window] Unknown reference link target &#39;T:OpenTK.GameWindow&#39;.
SHFB: Warning BE0066: ResolveReferenceLinksComponent: [Properties.T:FSEngine.Window] Unknown reference link target &#39;P:OpenTK.GameWindow.RenderPeriod&#39;.
SHFB: Warning BE0066: ResolveReferenceLinksComponent: [Properties.T:FSEngine.Window] Unknown reference link target &#39;T:OpenTK.GameWindow&#39;.
SHFB: Warning BE0066: ResolveReferenceLinksComponent: [Properties.T:FSEngine.Window] Unknown reference link target &#39;P:OpenTK.GameWindow.RenderTime&#39;.
SHFB: Warning BE0066: ResolveReferenceLinksComponent: [Properties.T:FSEngine.Window] Unknown reference link target &#39;T:OpenTK.GameWindow&#39;.
SHFB: Warning BE0066: ResolveReferenceLinksComponent: [Properties.T:FSEngine.Window] Unknown reference link target &#39;P:OpenTK.NativeWindow.Size&#39;.
SHFB: Warning BE0066: ResolveReferenceLinksComponent: [Properties.T:FSEngine.Window] Unknown reference link target &#39;T:OpenTK.NativeWindow&#39;.
SHFB: Warning BE0066: ResolveReferenceLinksComponent: [Properties.T:FSEngine.Window] Unknown reference link target &#39;P:OpenTK.GameWindow.TargetRenderFrequency&#39;.
SHFB: Warning BE0066: ResolveReferenceLinksComponent: [Properties.T:FSEngine.Window] Unknown reference link target &#39;T:OpenTK.GameWindow&#39;.
SHFB: Warning BE0066: ResolveReferenceLinksComponent: [Properties.T:FSEngine.Window] Unknown reference link target &#39;P:OpenTK.GameWindow.TargetRenderPeriod&#39;.
SHFB: Warning BE0066: ResolveReferenceLinksComponent: [Properties.T:FSEngine.Window] Unknown reference link target &#39;T:OpenTK.GameWindow&#39;.
SHFB: Warning BE0066: ResolveReferenceLinksComponent: [Properties.T:FSEngine.Window] Unknown reference link target &#39;P:OpenTK.GameWindow.TargetUpdateFrequency&#39;.
SHFB: Warning BE0066: ResolveReferenceLinksComponent: [Properties.T:FSEngine.Window] Unknown reference link target &#39;T:OpenTK.GameWindow&#39;.
SHFB: Warning BE0066: ResolveReferenceLinksComponent: [Properties.T:FSEngine.Window] Unknown reference link target &#39;P:OpenTK.GameWindow.TargetUpdatePeriod&#39;.
SHFB: Warning BE0066: ResolveReferenceLinksComponent: [Properties.T:FSEngine.Window] Unknown reference link target &#39;T:OpenTK.GameWindow&#39;.
SHFB: Warning BE0066: ResolveReferenceLinksComponent: [Properties.T:FSEngine.Window] Unknown reference link target &#39;P:OpenTK.NativeWindow.Title&#39;.
SHFB: Warning BE0066: ResolveReferenceLinksComponent: [Properties.T:FSEngine.Window] Unknown reference link target &#39;T:OpenTK.NativeWindow&#39;.
SHFB: Warning BE0066: ResolveReferenceLinksComponent: [Properties.T:FSEngine.Window] Unknown reference link target &#39;P:OpenTK.GameWindow.UpdateFrequency&#39;.
SHFB: Warning BE0066: ResolveReferenceLinksComponent: [Properties.T:FSEngine.Window] Unknown reference link target &#39;T:OpenTK.GameWindow&#39;.
SHFB: Warning BE0066: ResolveReferenceLinksComponent: [Properties.T:FSEngine.Window] Unknown reference link target &#39;P:OpenTK.GameWindow.UpdatePeriod&#39;.
SHFB: Warning BE0066: ResolveReferenceLinksComponent: [Properties.T:FSEngine.Window] Unknown reference link target &#39;T:OpenTK.GameWindow&#39;.
SHFB: Warning BE0066: ResolveReferenceLinksComponent: [Properties.T:FSEngine.Window] Unknown reference link target &#39;P:OpenTK.GameWindow.UpdateTime&#39;.
SHFB: Warning BE0066: ResolveReferenceLinksComponent: [Properties.T:FSEngine.Window] Unknown reference link target &#39;T:OpenTK.GameWindow&#39;.
SHFB: Warning BE0066: ResolveReferenceLinksComponent: [Properties.T:FSEngine.Window] Unknown reference link target &#39;P:OpenTK.NativeWindow.Visible&#39;.
SHFB: Warning BE0066: ResolveReferenceLinksComponent: [Properties.T:FSEngine.Window] Unknown reference link target &#39;T:OpenTK.NativeWindow&#39;.
SHFB: Warning BE0066: ResolveReferenceLinksComponent: [Properties.T:FSEngine.Window] Unknown reference link target &#39;P:OpenTK.GameWindow.VSync&#39;.
SHFB: Warning BE0066: ResolveReferenceLinksComponent: [Properties.T:FSEngine.Window] Unknown reference link target &#39;T:OpenTK.GameWindow&#39;.
SHFB: Warning BE0066: ResolveReferenceLinksComponent: [Properties.T:FSEngine.Window] Unknown reference link target &#39;P:OpenTK.NativeWindow.Width&#39;.
SHFB: Warning BE0066: ResolveReferenceLinksComponent: [Properties.T:FSEngine.Window] Unknown reference link target &#39;T:OpenTK.NativeWindow&#39;.
SHFB: Warning BE0066: ResolveReferenceLinksComponent: [Properties.T:FSEngine.Window] Unknown reference link target &#39;P:OpenTK.NativeWindow.WindowBorder&#39;.
SHFB: Warning BE0066: ResolveReferenceLinksComponent: [Properties.T:FSEngine.Window] Unknown reference link target &#39;T:OpenTK.NativeWindow&#39;.
SHFB: Warning BE0066: ResolveReferenceLinksComponent: [Properties.T:FSEngine.Window] Unknown reference link target &#39;P:OpenTK.NativeWindow.WindowInfo&#39;.
SHFB: Warning BE0066: ResolveReferenceLinksComponent: [Properties.T:FSEngine.Window] Unknown reference link target &#39;T:OpenTK.NativeWindow&#39;.
SHFB: Warning BE0066: ResolveReferenceLinksComponent: [Properties.T:FSEngine.Window] Unknown reference link target &#39;P:OpenTK.GameWindow.WindowState&#39;.
SHFB: Warning BE0066: ResolveReferenceLinksComponent: [Properties.T:FSEngine.Window] Unknown reference link target &#39;T:OpenTK.GameWindow&#39;.
SHFB: Warning BE0066: ResolveReferenceLinksComponent: [Properties.T:FSEngine.Window] Unknown reference link target &#39;P:OpenTK.NativeWindow.X&#39;.
SHFB: Warning BE0066: ResolveReferenceLinksComponent: [Properties.T:FSEngine.Window] Unknown reference link target &#39;T:OpenTK.NativeWindow&#39;.
SHFB: Warning BE0066: ResolveReferenceLinksComponent: [Properties.T:FSEngine.Window] Unknown reference link target &#39;P:OpenTK.NativeWindow.Y&#39;.
SHFB: Warning BE0066: ResolveReferenceLinksComponent: [Properties.T:FSEngine.Window] Unknown reference link target &#39;T:OpenTK.NativeWindow&#39;.
SHFB: Warning BE0066: ResolveReferenceLinksComponent: [Events.T:FSEngine.Window] Unknown reference link target &#39;E:OpenTK.NativeWindow.Closed&#39;.
SHFB: Warning BE0066: ResolveReferenceLinksComponent: [Events.T:FSEngine.Window] Unknown reference link target &#39;T:OpenTK.NativeWindow&#39;.
SHFB: Warning BE0066: ResolveReferenceLinksComponent: [Events.T:FSEngine.Window] Unknown reference link target &#39;E:OpenTK.NativeWindow.Closing&#39;.
SHFB: Warning BE0066: ResolveReferenceLinksComponent: [Events.T:FSEngine.Window] Unknown reference link target &#39;T:OpenTK.NativeWindow&#39;.
SHFB: Warning BE0066: ResolveReferenceLinksComponent: [Events.T:FSEngine.Window] Unknown reference link target &#39;E:OpenTK.NativeWindow.Disposed&#39;.
SHFB: Warning BE0066: ResolveReferenceLinksComponent: [Events.T:FSEngine.Window] Unknown reference link target &#39;T:OpenTK.NativeWindow&#39;.
SHFB: Warning BE0066: ResolveReferenceLinksComponent: [Events.T:FSEngine.Window] Unknown reference link target &#39;E:OpenTK.NativeWindow.FileDrop&#39;.
SHFB: Warning BE0066: ResolveReferenceLinksComponent: [Events.T:FSEngine.Window] Unknown reference link target &#39;T:OpenTK.NativeWindow&#39;.
SHFB: Warning BE0066: ResolveReferenceLinksComponent: [Events.T:FSEngine.Window] Unknown reference link target &#39;E:OpenTK.NativeWindow.FocusedChanged&#39;.
SHFB: Warning BE0066: ResolveReferenceLinksComponent: [Events.T:FSEngine.Window] Unknown reference link target &#39;T:OpenTK.NativeWindow&#39;.
SHFB: Warning BE0066: ResolveReferenceLinksComponent: [Events.T:FSEngine.Window] Unknown reference link target &#39;E:OpenTK.NativeWindow.IconChanged&#39;.
SHFB: Warning BE0066: ResolveReferenceLinksComponent: [Events.T:FSEngine.Window] Unknown reference link target &#39;T:OpenTK.NativeWindow&#39;.
SHFB: Warning BE0066: ResolveReferenceLinksComponent: [Events.T:FSEngine.Window] Unknown reference link target &#39;E:OpenTK.NativeWindow.KeyDown&#39;.
SHFB: Warning BE0066: ResolveReferenceLinksComponent: [Events.T:FSEngine.Window] Unknown reference link target &#39;T:OpenTK.NativeWindow&#39;.
SHFB: Warning BE0066: ResolveReferenceLinksComponent: [Events.T:FSEngine.Window] Unknown reference link target &#39;E:OpenTK.NativeWindow.KeyPress&#39;.
SHFB: Warning BE0066: ResolveReferenceLinksComponent: [Events.T:FSEngine.Window] Unknown reference link target &#39;T:OpenTK.NativeWindow&#39;.
SHFB: Warning BE0066: ResolveReferenceLinksComponent: [Events.T:FSEngine.Window] Unknown reference link target &#39;E:OpenTK.NativeWindow.KeyUp&#39;.
SHFB: Warning BE0066: ResolveReferenceLinksComponent: [Events.T:FSEngine.Window] Unknown reference link target &#39;T:OpenTK.NativeWindow&#39;.
SHFB: Warning BE0066: ResolveReferenceLinksComponent: [Events.T:FSEngine.Window] Unknown reference link target &#39;E:OpenTK.GameWindow.Load&#39;.
SHFB: Warning BE0066: ResolveReferenceLinksComponent: [Events.T:FSEngine.Window] Unknown reference link target &#39;T:OpenTK.GameWindow&#39;.
SHFB: Warning BE0066: ResolveReferenceLinksComponent: [Events.T:FSEngine.Window] Unknown reference link target &#39;E:OpenTK.NativeWindow.MouseDown&#39;.
SHFB: Warning BE0066: ResolveReferenceLinksComponent: [Events.T:FSEngine.Window] Unknown reference link target &#39;T:OpenTK.NativeWindow&#39;.
SHFB: Warning BE0066: ResolveReferenceLinksComponent: [Events.T:FSEngine.Window] Unknown reference link target &#39;E:OpenTK.NativeWindow.MouseEnter&#39;.
SHFB: Warning BE0066: ResolveReferenceLinksComponent: [Events.T:FSEngine.Window] Unknown reference link target &#39;T:OpenTK.NativeWindow&#39;.
SHFB: Warning BE0066: ResolveReferenceLinksComponent: [Events.T:FSEngine.Window] Unknown reference link target &#39;E:OpenTK.NativeWindow.MouseLeave&#39;.
SHFB: Warning BE0066: ResolveReferenceLinksComponent: [Events.T:FSEngine.Window] Unknown reference link target &#39;T:OpenTK.NativeWindow&#39;.
SHFB: Warning BE0066: ResolveReferenceLinksComponent: [Events.T:FSEngine.Window] Unknown reference link target &#39;E:OpenTK.NativeWindow.MouseMove&#39;.
SHFB: Warning BE0066: ResolveReferenceLinksComponent: [Events.T:FSEngine.Window] Unknown reference link target &#39;T:OpenTK.NativeWindow&#39;.
SHFB: Warning BE0066: ResolveReferenceLinksComponent: [Events.T:FSEngine.Window] Unknown reference link target &#39;E:OpenTK.NativeWindow.MouseUp&#39;.
SHFB: Warning BE0066: ResolveReferenceLinksComponent: [Events.T:FSEngine.Window] Unknown reference link target &#39;T:OpenTK.NativeWindow&#39;.
SHFB: Warning BE0066: ResolveReferenceLinksComponent: [Events.T:FSEngine.Window] Unknown reference link target &#39;E:OpenTK.NativeWindow.MouseWheel&#39;.
SHFB: Warning BE0066: ResolveReferenceLinksComponent: [Events.T:FSEngine.Window] Unknown reference link target &#39;T:OpenTK.NativeWindow&#39;.
SHFB: Warning BE0066: ResolveReferenceLinksComponent: [Events.T:FSEngine.Window] Unknown reference link target &#39;E:OpenTK.NativeWindow.Move&#39;.
SHFB: Warning BE0066: ResolveReferenceLinksComponent: [Events.T:FSEngine.Window] Unknown reference link target &#39;T:OpenTK.NativeWindow&#39;.
SHFB: Warning BE0066: ResolveReferenceLinksComponent: [Events.T:FSEngine.Window] Unknown reference link target &#39;E:OpenTK.GameWindow.OnUpdateThreadStarted&#39;.
SHFB: Warning BE0066: ResolveReferenceLinksComponent: [Events.T:FSEngine.Window] Unknown reference link target &#39;T:OpenTK.GameWindow&#39;.
SHFB: Warning BE0066: ResolveReferenceLinksComponent: [Events.T:FSEngine.Window] Unknown reference link target &#39;E:OpenTK.GameWindow.RenderFrame&#39;.
SHFB: Warning BE0066: ResolveReferenceLinksComponent: [Events.T:FSEngine.Window] Unknown reference link target &#39;T:OpenTK.GameWindow&#39;.
SHFB: Warning BE0066: ResolveReferenceLinksComponent: [Events.T:FSEngine.Window] Unknown reference link target &#39;E:OpenTK.NativeWindow.Resize&#39;.
SHFB: Warning BE0066: ResolveReferenceLinksComponent: [Events.T:FSEngine.Window] Unknown reference link target &#39;T:OpenTK.NativeWindow&#39;.
SHFB: Warning BE0066: ResolveReferenceLinksComponent: [Events.T:FSEngine.Window] Unknown reference link target &#39;E:OpenTK.NativeWindow.TitleChanged&#39;.
SHFB: Warning BE0066: ResolveReferenceLinksComponent: [Events.T:FSEngine.Window] Unknown reference link target &#39;T:OpenTK.NativeWindow&#39;.
SHFB: Warning BE0066: ResolveReferenceLinksComponent: [Events.T:FSEngine.Window] Unknown reference link target &#39;E:OpenTK.GameWindow.Unload&#39;.
SHFB: Warning BE0066: ResolveReferenceLinksComponent: [Events.T:FSEngine.Window] Unknown reference link target &#39;T:OpenTK.GameWindow&#39;.
SHFB: Warning BE0066: ResolveReferenceLinksComponent: [Events.T:FSEngine.Window] Unknown reference link target &#39;E:OpenTK.GameWindow.UpdateFrame&#39;.
SHFB: Warning BE0066: ResolveReferenceLinksComponent: [Events.T:FSEngine.Window] Unknown reference link target &#39;T:OpenTK.GameWindow&#39;.
SHFB: Warning BE0066: ResolveReferenceLinksComponent: [Events.T:FSEngine.Window] Unknown reference link target &#39;E:OpenTK.NativeWindow.VisibleChanged&#39;.
SHFB: Warning BE0066: ResolveReferenceLinksComponent: [Events.T:FSEngine.Window] Unknown reference link target &#39;T:OpenTK.NativeWindow&#39;.
SHFB: Warning BE0066: ResolveReferenceLinksComponent: [Events.T:FSEngine.Window] Unknown reference link target &#39;E:OpenTK.NativeWindow.WindowBorderChanged&#39;.
SHFB: Warning BE0066: ResolveReferenceLinksComponent: [Events.T:FSEngine.Window] Unknown reference link target &#39;T:OpenTK.NativeWindow&#39;.
SHFB: Warning BE0066: ResolveReferenceLinksComponent: [Events.T:FSEngine.Window] Unknown reference link target &#39;E:OpenTK.NativeWindow.WindowStateChanged&#39;.
SHFB: Warning BE0066: ResolveReferenceLinksComponent: [Events.T:FSEngine.Window] Unknown reference link target &#39;T:OpenTK.NativeWindow&#39;.
SHFB: Warning BE0066: ResolveReferenceLinksComponent: [M:FSEngine.Window.OnKeyDown(OpenTK.Input.KeyboardKeyEventArgs)] Unknown reference link target &#39;T:OpenTK.Input.KeyboardKeyEventArgs&#39;.
SHFB: Warning BE0066: ResolveReferenceLinksComponent: [M:FSEngine.Window.OnKeyPress(OpenTK.KeyPressEventArgs)] Unknown reference link target &#39;T:OpenTK.KeyPressEventArgs&#39;.
SHFB: Warning BE0066: ResolveReferenceLinksComponent: [M:FSEngine.Window.OnKeyUp(OpenTK.Input.KeyboardKeyEventArgs)] Unknown reference link target &#39;T:OpenTK.Input.KeyboardKeyEventArgs&#39;.
SHFB: Warning BE0066: ResolveReferenceLinksComponent: [M:FSEngine.Window.OnMouseMove(OpenTK.Input.MouseMoveEventArgs)] Unknown reference link target &#39;T:OpenTK.Input.MouseMoveEventArgs&#39;.
SHFB: Warning BE0066: ResolveReferenceLinksComponent: [M:FSEngine.Window.OnMouseWheel(OpenTK.Input.MouseWheelEventArgs)] Unknown reference link target &#39;T:OpenTK.Input.MouseWheelEventArgs&#39;.
SHFB: Warning BE0066: ResolveReferenceLinksComponent: [M:FSEngine.Window.OnRenderFrame(OpenTK.FrameEventArgs)] Unknown reference link target &#39;T:OpenTK.FrameEventArgs&#39;.
SHFB: Warning BE0066: ResolveReferenceLinksComponent: [M:FSEngine.Window.OnUpdateFrame(OpenTK.FrameEventArgs)] Unknown reference link target &#39;T:OpenTK.FrameEventArgs&#39;.
SHFB: Warning BE0066: ResolveReferenceLinksComponent: [F:FSEngine.Audio.SoundManager.context] Unknown reference link target &#39;T:OpenTK.ContextHandle&#39;.
SHFB: Warning BE0066: ResolveReferenceLinksComponent: [F:FSEngine.CellSystem.CellChunk.collider] Unknown reference link target &#39;T:Box2DSharp.Dynamics.Body&#39;.
SHFB: Warning BE0066: ResolveReferenceLinksComponent: [T:FSEngine.GFX.B2DDebug] Unknown reference link target &#39;T:Box2DSharp.Common.IDrawer&#39;.
SHFB: Warning BE0066: ResolveReferenceLinksComponent: [F:FSEngine.GFX.B2DDebug._Flags] Unknown reference link target &#39;T:Box2DSharp.Common.DrawFlag&#39;.
SHFB: Warning BE0066: ResolveReferenceLinksComponent: [M:FSEngine.GFX.B2DDebug.DrawCircle(System.Numerics.Vector2@,System.Single,Box2DSharp.Common.Color@)] Unknown reference link target &#39;T:Box2DSharp.Common.Color&#39;.
SHFB: Warning BE0066: ResolveReferenceLinksComponent: [M:FSEngine.GFX.B2DDebug.DrawPoint(System.Numerics.Vector2@,System.Single,Box2DSharp.Common.Color@)] Unknown reference link target &#39;T:Box2DSharp.Common.Color&#39;.
SHFB: Warning BE0066: ResolveReferenceLinksComponent: [M:FSEngine.GFX.B2DDebug.DrawSegment(System.Numerics.Vector2@,System.Numerics.Vector2@,Box2DSharp.Common.Color@)] Unknown reference link target &#39;T:Box2DSharp.Common.Color&#39;.
SHFB: Warning BE0066: ResolveReferenceLinksComponent: [M:FSEngine.GFX.B2DDebug.DrawSolidCircle(System.Numerics.Vector2@,System.Single,System.Numerics.Vector2@,Box2DSharp.Common.Color@)] Unknown reference link target &#39;T:Box2DSharp.Common.Color&#39;.
SHFB: Warning BE0066: ResolveReferenceLinksComponent: [M:FSEngine.GFX.B2DDebug.DrawTransform(Box2DSharp.Common.Transform@)] Unknown reference link target &#39;T:Box2DSharp.Common.Transform&#39;.
SHFB: Warning BE0066: ResolveReferenceLinksComponent: [P:FSEngine.GFX.B2DDebug.Flags] Unknown reference link target &#39;T:Box2DSharp.Common.DrawFlag&#39;.
SHFB: Warning BE0066: ResolveReferenceLinksComponent: [P:FSEngine.GFX.B2DDebug.Flags] Unknown reference link target &#39;P:Box2DSharp.Common.IDrawer.Flags&#39;.
SHFB: Warning BE0066: ResolveReferenceLinksComponent: [M:FSEngine.OpenGL.Texture.Bind(OpenTK.Graphics.OpenGL.TextureUnit)] Unknown reference link target &#39;T:OpenTK.Graphics.OpenGL.TextureUnit&#39;.
SHFB: Warning BE0066: ResolveReferenceLinksComponent: [M:FSEngine.OpenGL.Texture.Unbind(OpenTK.Graphics.OpenGL.TextureUnit)] Unknown reference link target &#39;T:OpenTK.Graphics.OpenGL.TextureUnit&#39;.
SHFB: Warning BE0066: ResolveReferenceLinksComponent: [M:FSEngine.QoL.Container.RenderSlotEmpty(FSEngine.QoL.Slot,ImGuiNET.ImDrawListPtr)] Unknown reference link target &#39;T:ImGuiNET.ImDrawListPtr&#39;.
SHFB: Warning BE0066: ResolveReferenceLinksComponent: [M:FSEngine.QoL.Container.RenderSlotFull(FSEngine.QoL.Slot,ImGuiNET.ImDrawListPtr)] Unknown reference link target &#39;T:ImGuiNET.ImDrawListPtr&#39;.
SHFB: Warning BE0066: ResolveReferenceLinksComponent: [M:FSEngine.QoL.Item.DrawInUI(ImGuiNET.ImDrawListPtr,FSEngine.QoL.ItemDrawContext)] Unknown reference link target &#39;T:ImGuiNET.ImDrawListPtr&#39;.
SHFB: Warning BE0066: ResolveReferenceLinksComponent: [M:FSEngine.QoL.Slot.Update(FSEngine.QoL.Container,ImGuiNET.ImDrawListPtr)] Unknown reference link target &#39;T:ImGuiNET.ImDrawListPtr&#39;.
SHFB: Warning BE0066: ResolveReferenceLinksComponent: [M:FSEngine.Tests.CoolItem.DrawInUI(ImGuiNET.ImDrawListPtr,FSEngine.QoL.ItemDrawContext)] Unknown reference link target &#39;T:ImGuiNET.ImDrawListPtr&#39;.
SHFB: Warning BE0066: ResolveReferenceLinksComponent: [M:FSEngine.Tests.CoolItem.Render(ImGuiNET.ImDrawListPtr,ImGuiNET.ImDrawCmdPtr)] Unknown reference link target &#39;T:ImGuiNET.ImDrawListPtr&#39;.
SHFB: Warning BE0066: ResolveReferenceLinksComponent: [M:FSEngine.Tests.CoolItem.Render(ImGuiNET.ImDrawListPtr,ImGuiNET.ImDrawCmdPtr)] Unknown reference link target &#39;T:ImGuiNET.ImDrawCmdPtr&#39;.
SHFB: Warning BE0066: ResolveReferenceLinksComponent: [T:FSEngine.Tests.MouseQuery] Unknown reference link target &#39;T:Box2DSharp.Dynamics.IQueryCallback&#39;.
SHFB: Warning BE0066: ResolveReferenceLinksComponent: [F:FSEngine.Tests.MouseQuery.found] Unknown reference link target &#39;T:Box2DSharp.Dynamics.Fixture&#39;.
SHFB: Warning BE0066: ResolveReferenceLinksComponent: [M:FSEngine.Tests.MouseQuery.QueryCallback(Box2DSharp.Dynamics.Fixture)] Unknown reference link target &#39;T:Box2DSharp.Dynamics.Fixture&#39;.
SHFB: Warning BE0066: ResolveReferenceLinksComponent: [M:FSEngine.Tests.MouseQuery.QueryCallback(Box2DSharp.Dynamics.Fixture)] Unknown reference link target &#39;M:Box2DSharp.Dynamics.IQueryCallback.QueryCallback(Box2DSharp.Dynamics.Fixture)&#39;.
SHFB: Warning BE0066: ResolveReferenceLinksComponent: [F:FSEngine.Tests.TestGame.body] Unknown reference link target &#39;T:Box2DSharp.Dynamics.Body&#39;.
SHFB: Warning BE0066: ResolveReferenceLinksComponent: [F:FSEngine.Tests.TestGame.GroundBody] Unknown reference link target &#39;T:Box2DSharp.Dynamics.Body&#39;.
SHFB: Warning BE0066: ResolveReferenceLinksComponent: [F:FSEngine.Tests.TestGame.mj] Unknown reference link target &#39;T:Box2DSharp.Dynamics.Joints.MouseJoint&#39;.
SHFB: Warning BE0066: ResolveReferenceLinksComponent: [M:FSEngine.Tiles.RigidBody.AddBody(Box2DSharp.Dynamics.Body)] Unknown reference link target &#39;T:Box2DSharp.Dynamics.Body&#39;.
SHFB: Warning BE0066: ResolveReferenceLinksComponent: [F:FSEngine.Tiles.RigidBody.body] Unknown reference link target &#39;T:Box2DSharp.Dynamics.Body&#39;.
SHFB: Warning BE0066: ResolveReferenceLinksComponent: [M:FSEngine.Tiles.RigidBody.CreateBox(System.Single,System.Single,System.Int32,System.Int32,Box2DSharp.Dynamics.BodyType)] Unknown reference link target &#39;T:Box2DSharp.Dynamics.BodyType&#39;.
SHFB: Warning BE0066: ResolveReferenceLinksComponent: [M:FSEngine.Tiles.RigidBody.CreatePolygon(System.Single,System.Single,System.Int32,System.Int32,System.Numerics.Vector2[][],Box2DSharp.Dynamics.BodyType)] Unknown reference link target &#39;T:Box2DSharp.Dynamics.BodyType&#39;.
SHFB: Warning BE0066: ResolveReferenceLinksComponent: [F:FSEngine.Tiles.Tile.body] Unknown reference link target &#39;T:Box2DSharp.Dynamics.Body&#39;.
SHFB: Warning BE0066: ResolveReferenceLinksComponent: [M:FSEngine.Tiles.Tile.Create(Box2DSharp.Dynamics.World,Box2DSharp.Dynamics.BodyType,System.Single,System.Single,System.Int32,System.Int32)] Unknown reference link target &#39;T:Box2DSharp.Dynamics.World&#39;.
SHFB: Warning BE0066: ResolveReferenceLinksComponent: [M:FSEngine.Tiles.Tile.Create(Box2DSharp.Dynamics.World,Box2DSharp.Dynamics.BodyType,System.Single,System.Single,System.Int32,System.Int32)] Unknown reference link target &#39;T:Box2DSharp.Dynamics.BodyType&#39;.
SHFB: Warning BE0066: ResolveReferenceLinksComponent: [M:FSEngine.Tiles.Tile.Create(Box2DSharp.Dynamics.World,Box2DSharp.Dynamics.BodyType,System.Single,System.Single,System.String)] Unknown reference link target &#39;T:Box2DSharp.Dynamics.World&#39;.
SHFB: Warning BE0066: ResolveReferenceLinksComponent: [M:FSEngine.Tiles.Tile.Create(Box2DSharp.Dynamics.World,Box2DSharp.Dynamics.BodyType,System.Single,System.Single,System.String)] Unknown reference link target &#39;T:Box2DSharp.Dynamics.BodyType&#39;.
SHFB: Warning BE0066: ResolveReferenceLinksComponent: [M:FSEngine.Tiles.Tile.Create(Box2DSharp.Dynamics.World,Box2DSharp.Dynamics.BodyType,System.Single,System.Single,System.String,System.Collections.Generic.List`1)] Unknown reference link target &#39;T:Box2DSharp.Dynamics.World&#39;.
SHFB: Warning BE0066: ResolveReferenceLinksComponent: [M:FSEngine.Tiles.Tile.Create(Box2DSharp.Dynamics.World,Box2DSharp.Dynamics.BodyType,System.Single,System.Single,System.String,System.Collections.Generic.List`1)] Unknown reference link target &#39;T:Box2DSharp.Dynamics.BodyType&#39;.
SHFB: Warning BE0066: ResolveReferenceLinksComponent: [M:FSEngine.Tiles.Tile.CreatePoly(Box2DSharp.Dynamics.World,Box2DSharp.Dynamics.BodyType,System.Single,System.Single,System.String)] Unknown reference link target &#39;T:Box2DSharp.Dynamics.World&#39;.
SHFB: Warning BE0066: ResolveReferenceLinksComponent: [M:FSEngine.Tiles.Tile.CreatePoly(Box2DSharp.Dynamics.World,Box2DSharp.Dynamics.BodyType,System.Single,System.Single,System.String)] Unknown reference link target &#39;T:Box2DSharp.Dynamics.BodyType&#39;.
SHFB: Warning BE0066: ResolveReferenceLinksComponent: [T:FSEngine.UI.ImDrawCallback] Unknown reference link target &#39;T:ImGuiNET.ImDrawListPtr&#39;.
SHFB: Warning BE0066: ResolveReferenceLinksComponent: [T:FSEngine.UI.ImDrawCallback] Unknown reference link target &#39;T:ImGuiNET.ImDrawCmdPtr&#39;.
SHFB: Warning BE0066: ResolveReferenceLinksComponent: [M:FSEngine.UI.ImGuiExt.AddCallbackEx(ImGuiNET.ImDrawListPtr,FSEngine.UI.ImDrawCallback)] Unknown reference link target &#39;T:ImGuiNET.ImDrawListPtr&#39;.
SHFB: Warning BE0066: ResolveReferenceLinksComponent: [M:FSEngine.UI.ImGuiExt.AddCallbackEx(ImGuiNET.ImDrawListPtr,FSEngine.UI.ImDrawCallback)] Unknown reference link target &#39;T:ImGuiNET.ImDrawListPtr&#39;.
SHFB: Warning BE0066: ResolveReferenceLinksComponent: [M:FSEngine.UI.ImGuiExt.AddCallbackEx(ImGuiNET.ImDrawListPtr,FSEngine.UI.ImDrawCallback,System.IntPtr)] Unknown reference link target &#39;T:ImGuiNET.ImDrawListPtr&#39;.
SHFB: Warning BE0066: ResolveReferenceLinksComponent: [M:FSEngine.UI.ImGuiExt.AddCallbackEx(ImGuiNET.ImDrawListPtr,FSEngine.UI.ImDrawCallback,System.IntPtr)] Unknown reference link target &#39;T:ImGuiNET.ImDrawListPtr&#39;.
SHFB: Warning BE0066: ResolveReferenceLinksComponent: [M:FSEngine.UI.ImGuiExt.AddCallbackEx``1(ImGuiNET.ImDrawListPtr,FSEngine.UI.ImDrawCallback,``0@)] Unknown reference link target &#39;T:ImGuiNET.ImDrawListPtr&#39;.
SHFB: Warning BE0066: ResolveReferenceLinksComponent: [M:FSEngine.UI.ImGuiExt.AddCallbackEx``1(ImGuiNET.ImDrawListPtr,FSEngine.UI.ImDrawCallback,``0@)] Unknown reference link target &#39;T:ImGuiNET.ImDrawListPtr&#39;.
SHFB: Warning BE0066: ResolveReferenceLinksComponent: [M:FSEngine.UI.ImGuiExt.ImRenderEnd(ImGuiNET.ImDrawListPtr,ImGuiNET.ImDrawCmdPtr)] Unknown reference link target &#39;T:ImGuiNET.ImDrawListPtr&#39;.
SHFB: Warning BE0066: ResolveReferenceLinksComponent: [M:FSEngine.UI.ImGuiExt.ImRenderEnd(ImGuiNET.ImDrawListPtr,ImGuiNET.ImDrawCmdPtr)] Unknown reference link target &#39;T:ImGuiNET.ImDrawCmdPtr&#39;.
SHFB: Warning BE0066: ResolveReferenceLinksComponent: [F:FSEngine.UI.ImOverlay.imDrawList] Unknown reference link target &#39;T:ImGuiNET.ImDrawListPtr&#39;.
Processed 2011 topic(s)
452 warning(s)
CopyFromIndexComponent: &quot;reflection&quot; in-memory cache entries used: 13 of 15.
CopyFromIndexComponent: &quot;comments&quot; in-memory cache entries used: 1 of 30.
ResolveReferenceLinksComponent: 95 entries added to the member ID URL cache.  New cache size: 95 entries
SaveComponent: Waiting for the document writer task to finish (4 Website API file(s) remaining)...
<plugIn name="Website Table of Contents Generator" behavior="After" priority="1000">
Generating TOC fragment files
</plugIn>    Last step completed in 00:00:17.0162
</buildStep>
<buildStep step="CopyStandardHelpContent">
Copying standard help content...
C:\Program Files (x86)\EWSoftware\Sandcastle Help File Builder\Components\Default2022\css\bulma.css -&gt; C:\Users\gabri\Documents\GitHub\FSEngine\sandcastle\Help\Working\Output\Website\css\bulma.css
C:\Program Files (x86)\EWSoftware\Sandcastle Help File Builder\Components\Default2022\css\bulma.css.map -&gt; C:\Users\gabri\Documents\GitHub\FSEngine\sandcastle\Help\Working\Output\Website\css\bulma.css.map
C:\Program Files (x86)\EWSoftware\Sandcastle Help File Builder\Components\Default2022\css\bulma.min.css -&gt; C:\Users\gabri\Documents\GitHub\FSEngine\sandcastle\Help\Working\Output\Website\css\bulma.min.css
C:\Program Files (x86)\EWSoftware\Sandcastle Help File Builder\Components\Default2022\css\font-awesome.css -&gt; C:\Users\gabri\Documents\GitHub\FSEngine\sandcastle\Help\Working\Output\Website\css\font-awesome.css
C:\Program Files (x86)\EWSoftware\Sandcastle Help File Builder\Components\Default2022\css\font-awesome.min.css -&gt; C:\Users\gabri\Documents\GitHub\FSEngine\sandcastle\Help\Working\Output\Website\css\font-awesome.min.css
C:\Program Files (x86)\EWSoftware\Sandcastle Help File Builder\Components\Default2022\css\ja-JP.css -&gt; C:\Users\gabri\Documents\GitHub\FSEngine\sandcastle\Help\Working\Output\Website\css\ja-JP.css
C:\Program Files (x86)\EWSoftware\Sandcastle Help File Builder\Components\Default2022\css\ko-KR.css -&gt; C:\Users\gabri\Documents\GitHub\FSEngine\sandcastle\Help\Working\Output\Website\css\ko-KR.css
C:\Program Files (x86)\EWSoftware\Sandcastle Help File Builder\Components\Default2022\css\presentationStyle.css -&gt; C:\Users\gabri\Documents\GitHub\FSEngine\sandcastle\Help\Working\Output\Website\css\presentationStyle.css
C:\Program Files (x86)\EWSoftware\Sandcastle Help File Builder\Components\Default2022\css\vs.min.css -&gt; C:\Users\gabri\Documents\GitHub\FSEngine\sandcastle\Help\Working\Output\Website\css\vs.min.css
C:\Program Files (x86)\EWSoftware\Sandcastle Help File Builder\Components\Default2022\css\zh-CN.css -&gt; C:\Users\gabri\Documents\GitHub\FSEngine\sandcastle\Help\Working\Output\Website\css\zh-CN.css
C:\Program Files (x86)\EWSoftware\Sandcastle Help File Builder\Components\Default2022\css\zh-TW.css -&gt; C:\Users\gabri\Documents\GitHub\FSEngine\sandcastle\Help\Working\Output\Website\css\zh-TW.css
C:\Program Files (x86)\EWSoftware\Sandcastle Help File Builder\Components\Default2022\icons\favicon.ico -&gt; C:\Users\gabri\Documents\GitHub\FSEngine\sandcastle\Help\Working\Output\Website\icons\favicon.ico
C:\Program Files (x86)\EWSoftware\Sandcastle Help File Builder\Components\Default2022\scripts\clipboard.min.js -&gt; C:\Users\gabri\Documents\GitHub\FSEngine\sandcastle\Help\Working\Output\Website\scripts\clipboard.min.js
C:\Program Files (x86)\EWSoftware\Sandcastle Help File Builder\Components\Default2022\scripts\highlight.min.js -&gt; C:\Users\gabri\Documents\GitHub\FSEngine\sandcastle\Help\Working\Output\Website\scripts\highlight.min.js
C:\Program Files (x86)\EWSoftware\Sandcastle Help File Builder\Components\Default2022\scripts\jquery-3.5.1.min.js -&gt; C:\Users\gabri\Documents\GitHub\FSEngine\sandcastle\Help\Working\Output\Website\scripts\jquery-3.5.1.min.js
C:\Program Files (x86)\EWSoftware\Sandcastle Help File Builder\Components\Default2022\scripts\presentationStyle.js -&gt; C:\Users\gabri\Documents\GitHub\FSEngine\sandcastle\Help\Working\Output\Website\scripts\presentationStyle.js
C:\Program Files (x86)\EWSoftware\Sandcastle Help File Builder\Components\Default2022\webfonts\fa-brands-400.ttf -&gt; C:\Users\gabri\Documents\GitHub\FSEngine\sandcastle\Help\Working\Output\Website\webfonts\fa-brands-400.ttf
C:\Program Files (x86)\EWSoftware\Sandcastle Help File Builder\Components\Default2022\webfonts\fa-brands-400.woff2 -&gt; C:\Users\gabri\Documents\GitHub\FSEngine\sandcastle\Help\Working\Output\Website\webfonts\fa-brands-400.woff2
C:\Program Files (x86)\EWSoftware\Sandcastle Help File Builder\Components\Default2022\webfonts\fa-regular-400.ttf -&gt; C:\Users\gabri\Documents\GitHub\FSEngine\sandcastle\Help\Working\Output\Website\webfonts\fa-regular-400.ttf
C:\Program Files (x86)\EWSoftware\Sandcastle Help File Builder\Components\Default2022\webfonts\fa-regular-400.woff2 -&gt; C:\Users\gabri\Documents\GitHub\FSEngine\sandcastle\Help\Working\Output\Website\webfonts\fa-regular-400.woff2
C:\Program Files (x86)\EWSoftware\Sandcastle Help File Builder\Components\Default2022\webfonts\fa-solid-900.ttf -&gt; C:\Users\gabri\Documents\GitHub\FSEngine\sandcastle\Help\Working\Output\Website\webfonts\fa-solid-900.ttf
C:\Program Files (x86)\EWSoftware\Sandcastle Help File Builder\Components\Default2022\webfonts\fa-solid-900.woff2 -&gt; C:\Users\gabri\Documents\GitHub\FSEngine\sandcastle\Help\Working\Output\Website\webfonts\fa-solid-900.woff2
C:\Program Files (x86)\EWSoftware\Sandcastle Help File Builder\Components\Default2022\webfonts\fa-v4compatibility.ttf -&gt; C:\Users\gabri\Documents\GitHub\FSEngine\sandcastle\Help\Working\Output\Website\webfonts\fa-v4compatibility.ttf
C:\Program Files (x86)\EWSoftware\Sandcastle Help File Builder\Components\Default2022\webfonts\fa-v4compatibility.woff2 -&gt; C:\Users\gabri\Documents\GitHub\FSEngine\sandcastle\Help\Working\Output\Website\webfonts\fa-v4compatibility.woff2
C:\Program Files (x86)\EWSoftware\Sandcastle Help File Builder\Components\Default2022\RootWebsiteContent\GeneralError.html -&gt; C:\Users\gabri\Documents\GitHub\FSEngine\sandcastle\Help\Working\Output\Website\GeneralError.html
C:\Program Files (x86)\EWSoftware\Sandcastle Help File Builder\Components\Default2022\RootWebsiteContent\index.html -&gt; C:\Users\gabri\Documents\GitHub\FSEngine\sandcastle\Help\Working\Output\Website\index.html
C:\Program Files (x86)\EWSoftware\Sandcastle Help File Builder\Components\Default2022\RootWebsiteContent\PageNotFound.html -&gt; C:\Users\gabri\Documents\GitHub\FSEngine\sandcastle\Help\Working\Output\Website\PageNotFound.html
C:\Program Files (x86)\EWSoftware\Sandcastle Help File Builder\Components\Default2022\RootWebsiteContent\search.html -&gt; C:\Users\gabri\Documents\GitHub\FSEngine\sandcastle\Help\Working\Output\Website\search.html
C:\Program Files (x86)\EWSoftware\Sandcastle Help File Builder\Components\Default2022\RootWebsiteContent\SearchHelp.aspx -&gt; C:\Users\gabri\Documents\GitHub\FSEngine\sandcastle\Help\Working\Output\Website\SearchHelp.aspx
C:\Program Files (x86)\EWSoftware\Sandcastle Help File Builder\Components\Default2022\RootWebsiteContent\SearchHelp.inc.php -&gt; C:\Users\gabri\Documents\GitHub\FSEngine\sandcastle\Help\Working\Output\Website\SearchHelp.inc.php
C:\Program Files (x86)\EWSoftware\Sandcastle Help File Builder\Components\Default2022\RootWebsiteContent\SearchHelp.php -&gt; C:\Users\gabri\Documents\GitHub\FSEngine\sandcastle\Help\Working\Output\Website\SearchHelp.php
C:\Program Files (x86)\EWSoftware\Sandcastle Help File Builder\Components\Default2022\RootWebsiteContent\Web.Config -&gt; C:\Users\gabri\Documents\GitHub\FSEngine\sandcastle\Help\Working\Output\Website\Web.Config
    Last step completed in 00:00:00.0598
</buildStep>
<buildStep step="GenerateFullTextIndex">
Generating full-text index for the website...

    Last step completed in 00:00:00.8687
</buildStep>
<buildStep step="CopyingWebsiteFiles">
Copying website files to output folder...

Copied 500 files
Copied 1000 files
Copied 1500 files
Copied 2000 files
Copied 2500 files
Copied 2548 files for the website content
    Last step completed in 00:00:03.0010
</buildStep>
<buildStep step="CleanIntermediates">
Removing intermediate files...
    Last step completed in 00:00:00.3332
</buildStep>
<buildStep step="Completed">

Build completed successfully at 8/25/2023 9:00:54 PM.  Total time: 00:00:25.3772

</buildStep>
</shfbBuild>
